

Processing ApplicationController#index (for 127.0.0.1 at 2010-10-24 14:59:02) [GET]

ActionController::RoutingError (No route matches "/microposts" with {:method=>:get}):
  c:/Ruby/lib/ruby/1.8/webrick/httpserver.rb:104:in `service'
  c:/Ruby/lib/ruby/1.8/webrick/httpserver.rb:65:in `run'
  c:/Ruby/lib/ruby/1.8/webrick/server.rb:173:in `start_thread'
  c:/Ruby/lib/ruby/1.8/webrick/server.rb:162:in `start'
  c:/Ruby/lib/ruby/1.8/webrick/server.rb:162:in `start_thread'
  c:/Ruby/lib/ruby/1.8/webrick/server.rb:95:in `start'
  c:/Ruby/lib/ruby/1.8/webrick/server.rb:92:in `each'
  c:/Ruby/lib/ruby/1.8/webrick/server.rb:92:in `start'
  c:/Ruby/lib/ruby/1.8/webrick/server.rb:23:in `start'
  c:/Ruby/lib/ruby/1.8/webrick/server.rb:82:in `start'

Rendering rescues/layout (not_found)


Processing ApplicationController#index (for 127.0.0.1 at 2010-10-24 21:02:20) [GET]

ActionController::RoutingError (No route matches "/about" with {:method=>:get}):
  c:/Ruby/lib/ruby/1.8/webrick/httpserver.rb:104:in `service'
  c:/Ruby/lib/ruby/1.8/webrick/httpserver.rb:65:in `run'
  c:/Ruby/lib/ruby/1.8/webrick/server.rb:173:in `start_thread'
  c:/Ruby/lib/ruby/1.8/webrick/server.rb:162:in `start'
  c:/Ruby/lib/ruby/1.8/webrick/server.rb:162:in `start_thread'
  c:/Ruby/lib/ruby/1.8/webrick/server.rb:95:in `start'
  c:/Ruby/lib/ruby/1.8/webrick/server.rb:92:in `each'
  c:/Ruby/lib/ruby/1.8/webrick/server.rb:92:in `start'
  c:/Ruby/lib/ruby/1.8/webrick/server.rb:23:in `start'
  c:/Ruby/lib/ruby/1.8/webrick/server.rb:82:in `start'

Rendering rescues/layout (not_found)


Processing PagesController#home (for 127.0.0.1 at 2010-10-24 21:02:36) [GET]
Rendering pages/home
Completed in 0ms (View: 0, DB: 0) | 200 OK [http://localhost/pages/home]


Processing PagesController#home (for 127.0.0.1 at 2010-10-24 21:21:35) [GET]
Rendering template within layouts/application
Rendering pages/home
Completed in 78ms (View: 78, DB: 0) | 200 OK [http://localhost/pages/home]


Processing PagesController#about (for 127.0.0.1 at 2010-10-24 21:21:40) [GET]
Rendering template within layouts/application
Rendering pages/about
Completed in 16ms (View: 16, DB: 0) | 200 OK [http://localhost/pages/about]


Processing PagesController#about (for 127.0.0.1 at 2010-10-24 21:21:46) [GET]
Rendering template within layouts/application
Rendering pages/about
Completed in 0ms (View: 0, DB: 0) | 200 OK [http://localhost/pages/about]


Processing PagesController#about (for 127.0.0.1 at 2010-10-24 21:21:47) [GET]
Rendering template within layouts/application
Rendering pages/about
Completed in 0ms (View: 0, DB: 0) | 200 OK [http://localhost/pages/about]


Processing PagesController#contact (for 127.0.0.1 at 2010-10-24 21:21:53) [GET]
Rendering template within layouts/application
Rendering pages/contact
Completed in 0ms (View: 0, DB: 0) | 200 OK [http://localhost/pages/contact]


Processing PagesController#contact (for 127.0.0.1 at 2010-10-25 07:25:16) [GET]
Rendering template within layouts/application
Rendering pages/contact

ActionView::TemplateError (undefined local variable or method `title' for #<ActionView::Base:0x454c140>) on line #5 of app/views/layouts/application.html.erb:
2:   "http://www.w3.org/TR/xhtml1/DTD/xhtml1-strict.dtd">
3: <html lang="en" xml:lang="en" xmlns="http://www.w3.org/1999/xhtml">
4:   <head>
5:     <title><%= title %></title>
6:     <%= stylesheet_link_tag 'blueprint/screen', :media => 'screen' %>
7:     <%= stylesheet_link_tag 'blueprint/print',  :media => 'print' %>
8:   </head>

    app/views/layouts/application.html.erb:5
    c:/Ruby/lib/ruby/1.8/webrick/httpserver.rb:104:in `service'
    c:/Ruby/lib/ruby/1.8/webrick/httpserver.rb:65:in `run'
    c:/Ruby/lib/ruby/1.8/webrick/server.rb:173:in `start_thread'
    c:/Ruby/lib/ruby/1.8/webrick/server.rb:162:in `start'
    c:/Ruby/lib/ruby/1.8/webrick/server.rb:162:in `start_thread'
    c:/Ruby/lib/ruby/1.8/webrick/server.rb:95:in `start'
    c:/Ruby/lib/ruby/1.8/webrick/server.rb:92:in `each'
    c:/Ruby/lib/ruby/1.8/webrick/server.rb:92:in `start'
    c:/Ruby/lib/ruby/1.8/webrick/server.rb:23:in `start'
    c:/Ruby/lib/ruby/1.8/webrick/server.rb:82:in `start'

Rendered rescues/_trace (125.0ms)
Rendered rescues/_request_and_response (0.0ms)
Rendering rescues/layout (internal_server_error)


Processing PagesController#about (for 127.0.0.1 at 2010-10-25 07:25:33) [GET]
Rendering template within layouts/application
Rendering pages/about

ActionView::TemplateError (undefined local variable or method `title' for #<ActionView::Base:0x48482e8>) on line #5 of app/views/layouts/application.html.erb:
2:   "http://www.w3.org/TR/xhtml1/DTD/xhtml1-strict.dtd">
3: <html lang="en" xml:lang="en" xmlns="http://www.w3.org/1999/xhtml">
4:   <head>
5:     <title><%= title %></title>
6:     <%= stylesheet_link_tag 'blueprint/screen', :media => 'screen' %>
7:     <%= stylesheet_link_tag 'blueprint/print',  :media => 'print' %>
8:   </head>

    app/views/layouts/application.html.erb:5
    c:/Ruby/lib/ruby/1.8/webrick/httpserver.rb:104:in `service'
    c:/Ruby/lib/ruby/1.8/webrick/httpserver.rb:65:in `run'
    c:/Ruby/lib/ruby/1.8/webrick/server.rb:173:in `start_thread'
    c:/Ruby/lib/ruby/1.8/webrick/server.rb:162:in `start'
    c:/Ruby/lib/ruby/1.8/webrick/server.rb:162:in `start_thread'
    c:/Ruby/lib/ruby/1.8/webrick/server.rb:95:in `start'
    c:/Ruby/lib/ruby/1.8/webrick/server.rb:92:in `each'
    c:/Ruby/lib/ruby/1.8/webrick/server.rb:92:in `start'
    c:/Ruby/lib/ruby/1.8/webrick/server.rb:23:in `start'
    c:/Ruby/lib/ruby/1.8/webrick/server.rb:82:in `start'

Rendered rescues/_trace (46.9ms)
Rendered rescues/_request_and_response (0.0ms)
Rendering rescues/layout (internal_server_error)


Processing PagesController#about (for 127.0.0.1 at 2010-10-25 07:26:51) [GET]
Rendering template within layouts/application
Rendering pages/about

ActionView::TemplateError (undefined local variable or method `title' for #<ActionView::Base:0x46c3fc8>) on line #5 of app/views/layouts/application.html.erb:
2:   "http://www.w3.org/TR/xhtml1/DTD/xhtml1-strict.dtd">
3: <html lang="en" xml:lang="en" xmlns="http://www.w3.org/1999/xhtml">
4:   <head>
5:     <title><%= title %></title>
6:     <%= stylesheet_link_tag 'blueprint/screen', :media => 'screen' %>
7:     <%= stylesheet_link_tag 'blueprint/print',  :media => 'print' %>
8:   </head>

    app/views/layouts/application.html.erb:5
    c:/Ruby/lib/ruby/1.8/webrick/httpserver.rb:104:in `service'
    c:/Ruby/lib/ruby/1.8/webrick/httpserver.rb:65:in `run'
    c:/Ruby/lib/ruby/1.8/webrick/server.rb:173:in `start_thread'
    c:/Ruby/lib/ruby/1.8/webrick/server.rb:162:in `start'
    c:/Ruby/lib/ruby/1.8/webrick/server.rb:162:in `start_thread'
    c:/Ruby/lib/ruby/1.8/webrick/server.rb:95:in `start'
    c:/Ruby/lib/ruby/1.8/webrick/server.rb:92:in `each'
    c:/Ruby/lib/ruby/1.8/webrick/server.rb:92:in `start'
    c:/Ruby/lib/ruby/1.8/webrick/server.rb:23:in `start'
    c:/Ruby/lib/ruby/1.8/webrick/server.rb:82:in `start'

Rendered rescues/_trace (125.0ms)
Rendered rescues/_request_and_response (0.0ms)
Rendering rescues/layout (internal_server_error)


Processing PagesController#about (for 127.0.0.1 at 2010-10-25 07:26:52) [GET]
Rendering template within layouts/application
Rendering pages/about

ActionView::TemplateError (undefined local variable or method `title' for #<ActionView::Base:0x4892958>) on line #5 of app/views/layouts/application.html.erb:
2:   "http://www.w3.org/TR/xhtml1/DTD/xhtml1-strict.dtd">
3: <html lang="en" xml:lang="en" xmlns="http://www.w3.org/1999/xhtml">
4:   <head>
5:     <title><%= title %></title>
6:     <%= stylesheet_link_tag 'blueprint/screen', :media => 'screen' %>
7:     <%= stylesheet_link_tag 'blueprint/print',  :media => 'print' %>
8:   </head>

    app/views/layouts/application.html.erb:5
    c:/Ruby/lib/ruby/1.8/webrick/httpserver.rb:104:in `service'
    c:/Ruby/lib/ruby/1.8/webrick/httpserver.rb:65:in `run'
    c:/Ruby/lib/ruby/1.8/webrick/server.rb:173:in `start_thread'
    c:/Ruby/lib/ruby/1.8/webrick/server.rb:162:in `start'
    c:/Ruby/lib/ruby/1.8/webrick/server.rb:162:in `start_thread'
    c:/Ruby/lib/ruby/1.8/webrick/server.rb:95:in `start'
    c:/Ruby/lib/ruby/1.8/webrick/server.rb:92:in `each'
    c:/Ruby/lib/ruby/1.8/webrick/server.rb:92:in `start'
    c:/Ruby/lib/ruby/1.8/webrick/server.rb:23:in `start'
    c:/Ruby/lib/ruby/1.8/webrick/server.rb:82:in `start'

Rendered rescues/_trace (46.9ms)
Rendered rescues/_request_and_response (0.0ms)
Rendering rescues/layout (internal_server_error)


Processing PagesController#home (for 127.0.0.1 at 2010-10-25 07:26:53) [GET]
Rendering template within layouts/application
Rendering pages/home

ActionView::TemplateError (undefined local variable or method `title' for #<ActionView::Base:0x472a310>) on line #5 of app/views/layouts/application.html.erb:
2:   "http://www.w3.org/TR/xhtml1/DTD/xhtml1-strict.dtd">
3: <html lang="en" xml:lang="en" xmlns="http://www.w3.org/1999/xhtml">
4:   <head>
5:     <title><%= title %></title>
6:     <%= stylesheet_link_tag 'blueprint/screen', :media => 'screen' %>
7:     <%= stylesheet_link_tag 'blueprint/print',  :media => 'print' %>
8:   </head>

    app/views/layouts/application.html.erb:5
    c:/Ruby/lib/ruby/1.8/webrick/httpserver.rb:104:in `service'
    c:/Ruby/lib/ruby/1.8/webrick/httpserver.rb:65:in `run'
    c:/Ruby/lib/ruby/1.8/webrick/server.rb:173:in `start_thread'
    c:/Ruby/lib/ruby/1.8/webrick/server.rb:162:in `start'
    c:/Ruby/lib/ruby/1.8/webrick/server.rb:162:in `start_thread'
    c:/Ruby/lib/ruby/1.8/webrick/server.rb:95:in `start'
    c:/Ruby/lib/ruby/1.8/webrick/server.rb:92:in `each'
    c:/Ruby/lib/ruby/1.8/webrick/server.rb:92:in `start'
    c:/Ruby/lib/ruby/1.8/webrick/server.rb:23:in `start'
    c:/Ruby/lib/ruby/1.8/webrick/server.rb:82:in `start'

Rendered rescues/_trace (62.5ms)
Rendered rescues/_request_and_response (0.0ms)
Rendering rescues/layout (internal_server_error)


Processing PagesController#home (for 127.0.0.1 at 2010-10-25 07:27:50) [GET]
Rendering template within layouts/application
Rendering pages/home

ActionView::TemplateError (undefined local variable or method `title' for #<ActionView::Base:0x454bf60>) on line #5 of app/views/layouts/application.html.erb:
2:   "http://www.w3.org/TR/xhtml1/DTD/xhtml1-strict.dtd">
3: <html lang="en" xml:lang="en" xmlns="http://www.w3.org/1999/xhtml">
4:   <head>
5:     <title><%= title %></title>
6:     <%= stylesheet_link_tag 'blueprint/screen', :media => 'screen' %>
7:     <%= stylesheet_link_tag 'blueprint/print',  :media => 'print' %>
8:   </head>

    app/views/layouts/application.html.erb:5
    c:/Ruby/lib/ruby/1.8/webrick/httpserver.rb:104:in `service'
    c:/Ruby/lib/ruby/1.8/webrick/httpserver.rb:65:in `run'
    c:/Ruby/lib/ruby/1.8/webrick/server.rb:173:in `start_thread'
    c:/Ruby/lib/ruby/1.8/webrick/server.rb:162:in `start'
    c:/Ruby/lib/ruby/1.8/webrick/server.rb:162:in `start_thread'
    c:/Ruby/lib/ruby/1.8/webrick/server.rb:95:in `start'
    c:/Ruby/lib/ruby/1.8/webrick/server.rb:92:in `each'
    c:/Ruby/lib/ruby/1.8/webrick/server.rb:92:in `start'
    c:/Ruby/lib/ruby/1.8/webrick/server.rb:23:in `start'
    c:/Ruby/lib/ruby/1.8/webrick/server.rb:82:in `start'

Rendered rescues/_trace (109.4ms)
Rendered rescues/_request_and_response (0.0ms)
Rendering rescues/layout (internal_server_error)


Processing PagesController#home (for 127.0.0.1 at 2010-10-25 07:27:51) [GET]
Rendering template within layouts/application
Rendering pages/home

ActionView::TemplateError (undefined local variable or method `title' for #<ActionView::Base:0x4852c08>) on line #5 of app/views/layouts/application.html.erb:
2:   "http://www.w3.org/TR/xhtml1/DTD/xhtml1-strict.dtd">
3: <html lang="en" xml:lang="en" xmlns="http://www.w3.org/1999/xhtml">
4:   <head>
5:     <title><%= title %></title>
6:     <%= stylesheet_link_tag 'blueprint/screen', :media => 'screen' %>
7:     <%= stylesheet_link_tag 'blueprint/print',  :media => 'print' %>
8:   </head>

    app/views/layouts/application.html.erb:5
    c:/Ruby/lib/ruby/1.8/webrick/httpserver.rb:104:in `service'
    c:/Ruby/lib/ruby/1.8/webrick/httpserver.rb:65:in `run'
    c:/Ruby/lib/ruby/1.8/webrick/server.rb:173:in `start_thread'
    c:/Ruby/lib/ruby/1.8/webrick/server.rb:162:in `start'
    c:/Ruby/lib/ruby/1.8/webrick/server.rb:162:in `start_thread'
    c:/Ruby/lib/ruby/1.8/webrick/server.rb:95:in `start'
    c:/Ruby/lib/ruby/1.8/webrick/server.rb:92:in `each'
    c:/Ruby/lib/ruby/1.8/webrick/server.rb:92:in `start'
    c:/Ruby/lib/ruby/1.8/webrick/server.rb:23:in `start'
    c:/Ruby/lib/ruby/1.8/webrick/server.rb:82:in `start'

Rendered rescues/_trace (46.9ms)
Rendered rescues/_request_and_response (0.0ms)
Rendering rescues/layout (internal_server_error)


Processing PagesController#home (for 127.0.0.1 at 2010-10-25 07:27:52) [GET]
Rendering template within layouts/application
Rendering pages/home

ActionView::TemplateError (undefined local variable or method `title' for #<ActionView::Base:0x46e1cc8>) on line #5 of app/views/layouts/application.html.erb:
2:   "http://www.w3.org/TR/xhtml1/DTD/xhtml1-strict.dtd">
3: <html lang="en" xml:lang="en" xmlns="http://www.w3.org/1999/xhtml">
4:   <head>
5:     <title><%= title %></title>
6:     <%= stylesheet_link_tag 'blueprint/screen', :media => 'screen' %>
7:     <%= stylesheet_link_tag 'blueprint/print',  :media => 'print' %>
8:   </head>

    app/views/layouts/application.html.erb:5
    c:/Ruby/lib/ruby/1.8/webrick/httpserver.rb:104:in `service'
    c:/Ruby/lib/ruby/1.8/webrick/httpserver.rb:65:in `run'
    c:/Ruby/lib/ruby/1.8/webrick/server.rb:173:in `start_thread'
    c:/Ruby/lib/ruby/1.8/webrick/server.rb:162:in `start'
    c:/Ruby/lib/ruby/1.8/webrick/server.rb:162:in `start_thread'
    c:/Ruby/lib/ruby/1.8/webrick/server.rb:95:in `start'
    c:/Ruby/lib/ruby/1.8/webrick/server.rb:92:in `each'
    c:/Ruby/lib/ruby/1.8/webrick/server.rb:92:in `start'
    c:/Ruby/lib/ruby/1.8/webrick/server.rb:23:in `start'
    c:/Ruby/lib/ruby/1.8/webrick/server.rb:82:in `start'

Rendered rescues/_trace (62.5ms)
Rendered rescues/_request_and_response (0.0ms)
Rendering rescues/layout (internal_server_error)


Processing PagesController#home (for 127.0.0.1 at 2010-10-25 07:27:52) [GET]
Rendering template within layouts/application
Rendering pages/home

ActionView::TemplateError (undefined local variable or method `title' for #<ActionView::Base:0x48a8150>) on line #5 of app/views/layouts/application.html.erb:
2:   "http://www.w3.org/TR/xhtml1/DTD/xhtml1-strict.dtd">
3: <html lang="en" xml:lang="en" xmlns="http://www.w3.org/1999/xhtml">
4:   <head>
5:     <title><%= title %></title>
6:     <%= stylesheet_link_tag 'blueprint/screen', :media => 'screen' %>
7:     <%= stylesheet_link_tag 'blueprint/print',  :media => 'print' %>
8:   </head>

    app/views/layouts/application.html.erb:5
    c:/Ruby/lib/ruby/1.8/webrick/httpserver.rb:104:in `service'
    c:/Ruby/lib/ruby/1.8/webrick/httpserver.rb:65:in `run'
    c:/Ruby/lib/ruby/1.8/webrick/server.rb:173:in `start_thread'
    c:/Ruby/lib/ruby/1.8/webrick/server.rb:162:in `start'
    c:/Ruby/lib/ruby/1.8/webrick/server.rb:162:in `start_thread'
    c:/Ruby/lib/ruby/1.8/webrick/server.rb:95:in `start'
    c:/Ruby/lib/ruby/1.8/webrick/server.rb:92:in `each'
    c:/Ruby/lib/ruby/1.8/webrick/server.rb:92:in `start'
    c:/Ruby/lib/ruby/1.8/webrick/server.rb:23:in `start'
    c:/Ruby/lib/ruby/1.8/webrick/server.rb:82:in `start'

Rendered rescues/_trace (46.9ms)
Rendered rescues/_request_and_response (0.0ms)
Rendering rescues/layout (internal_server_error)


Processing PagesController#home (for 127.0.0.1 at 2010-10-25 07:27:53) [GET]
Rendering template within layouts/application
Rendering pages/home

ActionView::TemplateError (undefined local variable or method `title' for #<ActionView::Base:0x4743ee8>) on line #5 of app/views/layouts/application.html.erb:
2:   "http://www.w3.org/TR/xhtml1/DTD/xhtml1-strict.dtd">
3: <html lang="en" xml:lang="en" xmlns="http://www.w3.org/1999/xhtml">
4:   <head>
5:     <title><%= title %></title>
6:     <%= stylesheet_link_tag 'blueprint/screen', :media => 'screen' %>
7:     <%= stylesheet_link_tag 'blueprint/print',  :media => 'print' %>
8:   </head>

    app/views/layouts/application.html.erb:5
    c:/Ruby/lib/ruby/1.8/webrick/httpserver.rb:104:in `service'
    c:/Ruby/lib/ruby/1.8/webrick/httpserver.rb:65:in `run'
    c:/Ruby/lib/ruby/1.8/webrick/server.rb:173:in `start_thread'
    c:/Ruby/lib/ruby/1.8/webrick/server.rb:162:in `start'
    c:/Ruby/lib/ruby/1.8/webrick/server.rb:162:in `start_thread'
    c:/Ruby/lib/ruby/1.8/webrick/server.rb:95:in `start'
    c:/Ruby/lib/ruby/1.8/webrick/server.rb:92:in `each'
    c:/Ruby/lib/ruby/1.8/webrick/server.rb:92:in `start'
    c:/Ruby/lib/ruby/1.8/webrick/server.rb:23:in `start'
    c:/Ruby/lib/ruby/1.8/webrick/server.rb:82:in `start'

Rendered rescues/_trace (62.5ms)
Rendered rescues/_request_and_response (0.0ms)
Rendering rescues/layout (internal_server_error)


Processing PagesController#home (for 127.0.0.1 at 2010-10-25 07:29:00) [GET]
Rendering template within layouts/application
Rendering pages/home
Completed in 16ms (View: 16, DB: 0) | 200 OK [http://localhost/pages/home]


Processing ApplicationController#index (for 127.0.0.1 at 2010-10-25 07:29:00) [GET]

ActionController::RoutingError (No route matches "/stylesheets/blueprint/screen.css" with {:method=>:get}):
  c:/Ruby/lib/ruby/1.8/webrick/httpserver.rb:104:in `service'
  c:/Ruby/lib/ruby/1.8/webrick/httpserver.rb:65:in `run'
  c:/Ruby/lib/ruby/1.8/webrick/server.rb:173:in `start_thread'
  c:/Ruby/lib/ruby/1.8/webrick/server.rb:162:in `start'
  c:/Ruby/lib/ruby/1.8/webrick/server.rb:162:in `start_thread'
  c:/Ruby/lib/ruby/1.8/webrick/server.rb:95:in `start'
  c:/Ruby/lib/ruby/1.8/webrick/server.rb:92:in `each'
  c:/Ruby/lib/ruby/1.8/webrick/server.rb:92:in `start'
  c:/Ruby/lib/ruby/1.8/webrick/server.rb:23:in `start'
  c:/Ruby/lib/ruby/1.8/webrick/server.rb:82:in `start'

Rendering rescues/layout (not_found)


Processing ApplicationController#index (for 127.0.0.1 at 2010-10-25 07:29:01) [GET]

ActionController::RoutingError (No route matches "/stylesheets/blueprint/print.css" with {:method=>:get}):
  c:/Ruby/lib/ruby/1.8/webrick/httpserver.rb:104:in `service'
  c:/Ruby/lib/ruby/1.8/webrick/httpserver.rb:65:in `run'
  c:/Ruby/lib/ruby/1.8/webrick/server.rb:173:in `start_thread'
  c:/Ruby/lib/ruby/1.8/webrick/server.rb:162:in `start'
  c:/Ruby/lib/ruby/1.8/webrick/server.rb:162:in `start_thread'
  c:/Ruby/lib/ruby/1.8/webrick/server.rb:95:in `start'
  c:/Ruby/lib/ruby/1.8/webrick/server.rb:92:in `each'
  c:/Ruby/lib/ruby/1.8/webrick/server.rb:92:in `start'
  c:/Ruby/lib/ruby/1.8/webrick/server.rb:23:in `start'
  c:/Ruby/lib/ruby/1.8/webrick/server.rb:82:in `start'

Rendering rescues/layout (not_found)


Processing PagesController#home (for 127.0.0.1 at 2010-11-02 20:47:51) [GET]
Rendering template within layouts/application
Rendering pages/home
Completed in 141ms (View: 141, DB: 0) | 200 OK [http://localhost/pages/home]


Processing ApplicationController#index (for 127.0.0.1 at 2010-11-02 20:47:51) [GET]

ActionController::RoutingError (No route matches "/stylesheets/blueprint/screen.css" with {:method=>:get}):
  c:/Ruby/lib/ruby/1.8/webrick/httpserver.rb:104:in `service'
  c:/Ruby/lib/ruby/1.8/webrick/httpserver.rb:65:in `run'
  c:/Ruby/lib/ruby/1.8/webrick/server.rb:173:in `start_thread'
  c:/Ruby/lib/ruby/1.8/webrick/server.rb:162:in `start'
  c:/Ruby/lib/ruby/1.8/webrick/server.rb:162:in `start_thread'
  c:/Ruby/lib/ruby/1.8/webrick/server.rb:95:in `start'
  c:/Ruby/lib/ruby/1.8/webrick/server.rb:92:in `each'
  c:/Ruby/lib/ruby/1.8/webrick/server.rb:92:in `start'
  c:/Ruby/lib/ruby/1.8/webrick/server.rb:23:in `start'
  c:/Ruby/lib/ruby/1.8/webrick/server.rb:82:in `start'

Rendering rescues/layout (not_found)


Processing ApplicationController#index (for 127.0.0.1 at 2010-11-02 20:47:51) [GET]

ActionController::RoutingError (No route matches "/stylesheets/blueprint/print.css" with {:method=>:get}):
  c:/Ruby/lib/ruby/1.8/webrick/httpserver.rb:104:in `service'
  c:/Ruby/lib/ruby/1.8/webrick/httpserver.rb:65:in `run'
  c:/Ruby/lib/ruby/1.8/webrick/server.rb:173:in `start_thread'
  c:/Ruby/lib/ruby/1.8/webrick/server.rb:162:in `start'
  c:/Ruby/lib/ruby/1.8/webrick/server.rb:162:in `start_thread'
  c:/Ruby/lib/ruby/1.8/webrick/server.rb:95:in `start'
  c:/Ruby/lib/ruby/1.8/webrick/server.rb:92:in `each'
  c:/Ruby/lib/ruby/1.8/webrick/server.rb:92:in `start'
  c:/Ruby/lib/ruby/1.8/webrick/server.rb:23:in `start'
  c:/Ruby/lib/ruby/1.8/webrick/server.rb:82:in `start'

Rendering rescues/layout (not_found)


Processing ApplicationController#index (for 127.0.0.1 at 2010-11-02 20:47:51) [GET]

ActionController::RoutingError (No route matches "/images/logo.png" with {:method=>:get}):
  c:/Ruby/lib/ruby/1.8/webrick/httpserver.rb:104:in `service'
  c:/Ruby/lib/ruby/1.8/webrick/httpserver.rb:65:in `run'
  c:/Ruby/lib/ruby/1.8/webrick/server.rb:173:in `start_thread'
  c:/Ruby/lib/ruby/1.8/webrick/server.rb:162:in `start'
  c:/Ruby/lib/ruby/1.8/webrick/server.rb:162:in `start_thread'
  c:/Ruby/lib/ruby/1.8/webrick/server.rb:95:in `start'
  c:/Ruby/lib/ruby/1.8/webrick/server.rb:92:in `each'
  c:/Ruby/lib/ruby/1.8/webrick/server.rb:92:in `start'
  c:/Ruby/lib/ruby/1.8/webrick/server.rb:23:in `start'
  c:/Ruby/lib/ruby/1.8/webrick/server.rb:82:in `start'

Rendering rescues/layout (not_found)


Processing ApplicationController#index (for 127.0.0.1 at 2010-11-02 20:47:51) [GET]

ActionController::RoutingError (No route matches "/stylesheets/custom.css" with {:method=>:get}):
  c:/Ruby/lib/ruby/1.8/webrick/httpserver.rb:104:in `service'
  c:/Ruby/lib/ruby/1.8/webrick/httpserver.rb:65:in `run'
  c:/Ruby/lib/ruby/1.8/webrick/server.rb:173:in `start_thread'
  c:/Ruby/lib/ruby/1.8/webrick/server.rb:162:in `start'
  c:/Ruby/lib/ruby/1.8/webrick/server.rb:162:in `start_thread'
  c:/Ruby/lib/ruby/1.8/webrick/server.rb:95:in `start'
  c:/Ruby/lib/ruby/1.8/webrick/server.rb:92:in `each'
  c:/Ruby/lib/ruby/1.8/webrick/server.rb:92:in `start'
  c:/Ruby/lib/ruby/1.8/webrick/server.rb:23:in `start'
  c:/Ruby/lib/ruby/1.8/webrick/server.rb:82:in `start'

Rendering rescues/layout (not_found)


Processing PagesController#home (for 127.0.0.1 at 2010-11-02 20:47:53) [GET]
Rendering template within layouts/application
Rendering pages/home
Completed in 63ms (View: 63, DB: 0) | 200 OK [http://localhost/pages/home]


Processing ApplicationController#index (for 127.0.0.1 at 2010-11-02 20:47:53) [GET]

ActionController::RoutingError (No route matches "/stylesheets/blueprint/screen.css" with {:method=>:get}):
  c:/Ruby/lib/ruby/1.8/webrick/httpserver.rb:104:in `service'
  c:/Ruby/lib/ruby/1.8/webrick/httpserver.rb:65:in `run'
  c:/Ruby/lib/ruby/1.8/webrick/server.rb:173:in `start_thread'
  c:/Ruby/lib/ruby/1.8/webrick/server.rb:162:in `start'
  c:/Ruby/lib/ruby/1.8/webrick/server.rb:162:in `start_thread'
  c:/Ruby/lib/ruby/1.8/webrick/server.rb:95:in `start'
  c:/Ruby/lib/ruby/1.8/webrick/server.rb:92:in `each'
  c:/Ruby/lib/ruby/1.8/webrick/server.rb:92:in `start'
  c:/Ruby/lib/ruby/1.8/webrick/server.rb:23:in `start'
  c:/Ruby/lib/ruby/1.8/webrick/server.rb:82:in `start'

Rendering rescues/layout (not_found)


Processing ApplicationController#index (for 127.0.0.1 at 2010-11-02 20:47:53) [GET]

ActionController::RoutingError (No route matches "/stylesheets/blueprint/print.css" with {:method=>:get}):
  c:/Ruby/lib/ruby/1.8/webrick/httpserver.rb:104:in `service'
  c:/Ruby/lib/ruby/1.8/webrick/httpserver.rb:65:in `run'
  c:/Ruby/lib/ruby/1.8/webrick/server.rb:173:in `start_thread'
  c:/Ruby/lib/ruby/1.8/webrick/server.rb:162:in `start'
  c:/Ruby/lib/ruby/1.8/webrick/server.rb:162:in `start_thread'
  c:/Ruby/lib/ruby/1.8/webrick/server.rb:95:in `start'
  c:/Ruby/lib/ruby/1.8/webrick/server.rb:92:in `each'
  c:/Ruby/lib/ruby/1.8/webrick/server.rb:92:in `start'
  c:/Ruby/lib/ruby/1.8/webrick/server.rb:23:in `start'
  c:/Ruby/lib/ruby/1.8/webrick/server.rb:82:in `start'

Rendering rescues/layout (not_found)


Processing ApplicationController#index (for 127.0.0.1 at 2010-11-02 20:47:53) [GET]

ActionController::RoutingError (No route matches "/images/logo.png" with {:method=>:get}):
  c:/Ruby/lib/ruby/1.8/webrick/httpserver.rb:104:in `service'
  c:/Ruby/lib/ruby/1.8/webrick/httpserver.rb:65:in `run'
  c:/Ruby/lib/ruby/1.8/webrick/server.rb:173:in `start_thread'
  c:/Ruby/lib/ruby/1.8/webrick/server.rb:162:in `start'
  c:/Ruby/lib/ruby/1.8/webrick/server.rb:162:in `start_thread'
  c:/Ruby/lib/ruby/1.8/webrick/server.rb:95:in `start'
  c:/Ruby/lib/ruby/1.8/webrick/server.rb:92:in `each'
  c:/Ruby/lib/ruby/1.8/webrick/server.rb:92:in `start'
  c:/Ruby/lib/ruby/1.8/webrick/server.rb:23:in `start'
  c:/Ruby/lib/ruby/1.8/webrick/server.rb:82:in `start'

Rendering rescues/layout (not_found)


Processing ApplicationController#index (for 127.0.0.1 at 2010-11-02 20:47:53) [GET]

ActionController::RoutingError (No route matches "/stylesheets/custom.css" with {:method=>:get}):
  c:/Ruby/lib/ruby/1.8/webrick/httpserver.rb:104:in `service'
  c:/Ruby/lib/ruby/1.8/webrick/httpserver.rb:65:in `run'
  c:/Ruby/lib/ruby/1.8/webrick/server.rb:173:in `start_thread'
  c:/Ruby/lib/ruby/1.8/webrick/server.rb:162:in `start'
  c:/Ruby/lib/ruby/1.8/webrick/server.rb:162:in `start_thread'
  c:/Ruby/lib/ruby/1.8/webrick/server.rb:95:in `start'
  c:/Ruby/lib/ruby/1.8/webrick/server.rb:92:in `each'
  c:/Ruby/lib/ruby/1.8/webrick/server.rb:92:in `start'
  c:/Ruby/lib/ruby/1.8/webrick/server.rb:23:in `start'
  c:/Ruby/lib/ruby/1.8/webrick/server.rb:82:in `start'

Rendering rescues/layout (not_found)


Processing PagesController#home (for 127.0.0.1 at 2010-11-02 20:51:11) [GET]
Rendering template within layouts/application
Rendering pages/home
Completed in 0ms (View: 0, DB: 0) | 200 OK [http://localhost/pages/home]


Processing ApplicationController#index (for 127.0.0.1 at 2010-11-02 20:51:11) [GET]

ActionController::RoutingError (No route matches "/stylesheets/blueprint/screen.css" with {:method=>:get}):
  c:/Ruby/lib/ruby/1.8/webrick/httpserver.rb:104:in `service'
  c:/Ruby/lib/ruby/1.8/webrick/httpserver.rb:65:in `run'
  c:/Ruby/lib/ruby/1.8/webrick/server.rb:173:in `start_thread'
  c:/Ruby/lib/ruby/1.8/webrick/server.rb:162:in `start'
  c:/Ruby/lib/ruby/1.8/webrick/server.rb:162:in `start_thread'
  c:/Ruby/lib/ruby/1.8/webrick/server.rb:95:in `start'
  c:/Ruby/lib/ruby/1.8/webrick/server.rb:92:in `each'
  c:/Ruby/lib/ruby/1.8/webrick/server.rb:92:in `start'
  c:/Ruby/lib/ruby/1.8/webrick/server.rb:23:in `start'
  c:/Ruby/lib/ruby/1.8/webrick/server.rb:82:in `start'

Rendering rescues/layout (not_found)


Processing ApplicationController#index (for 127.0.0.1 at 2010-11-02 20:51:11) [GET]

ActionController::RoutingError (No route matches "/stylesheets/blueprint/print.css" with {:method=>:get}):
  c:/Ruby/lib/ruby/1.8/webrick/httpserver.rb:104:in `service'
  c:/Ruby/lib/ruby/1.8/webrick/httpserver.rb:65:in `run'
  c:/Ruby/lib/ruby/1.8/webrick/server.rb:173:in `start_thread'
  c:/Ruby/lib/ruby/1.8/webrick/server.rb:162:in `start'
  c:/Ruby/lib/ruby/1.8/webrick/server.rb:162:in `start_thread'
  c:/Ruby/lib/ruby/1.8/webrick/server.rb:95:in `start'
  c:/Ruby/lib/ruby/1.8/webrick/server.rb:92:in `each'
  c:/Ruby/lib/ruby/1.8/webrick/server.rb:92:in `start'
  c:/Ruby/lib/ruby/1.8/webrick/server.rb:23:in `start'
  c:/Ruby/lib/ruby/1.8/webrick/server.rb:82:in `start'

Rendering rescues/layout (not_found)


Processing ApplicationController#index (for 127.0.0.1 at 2010-11-02 20:51:11) [GET]

ActionController::RoutingError (No route matches "/stylesheets/custom.css" with {:method=>:get}):
  c:/Ruby/lib/ruby/1.8/webrick/httpserver.rb:104:in `service'
  c:/Ruby/lib/ruby/1.8/webrick/httpserver.rb:65:in `run'
  c:/Ruby/lib/ruby/1.8/webrick/server.rb:173:in `start_thread'
  c:/Ruby/lib/ruby/1.8/webrick/server.rb:162:in `start'
  c:/Ruby/lib/ruby/1.8/webrick/server.rb:162:in `start_thread'
  c:/Ruby/lib/ruby/1.8/webrick/server.rb:95:in `start'
  c:/Ruby/lib/ruby/1.8/webrick/server.rb:92:in `each'
  c:/Ruby/lib/ruby/1.8/webrick/server.rb:92:in `start'
  c:/Ruby/lib/ruby/1.8/webrick/server.rb:23:in `start'
  c:/Ruby/lib/ruby/1.8/webrick/server.rb:82:in `start'

Rendering rescues/layout (not_found)


Processing PagesController#home (for 127.0.0.1 at 2010-11-03 21:06:41) [GET]
Rendering template within layouts/application
Rendering pages/home

ActionView::TemplateError (undefined method `css' for "blueprint/ie":String) on line #8 of app/views/layouts/application.html.erb:
5:     <title><%= title %></title>
6:     <%= stylesheet_link_tag 'blueprint/screen.css', :media => 'screen' %>
7:     <%= stylesheet_link_tag 'blueprint/print.css',  :media => 'print' %>
8:     <!--[if lt IE 8]><%= stylesheet_link_tag 'blueprint/ie'.css %><![endif]-->
9:     <%= stylesheet_link_tag 'custom', :media => 'screen' %>
10:   </head>
11:   <body>

    app/views/layouts/application.html.erb:8
    c:/Ruby/lib/ruby/1.8/webrick/httpserver.rb:104:in `service'
    c:/Ruby/lib/ruby/1.8/webrick/httpserver.rb:65:in `run'
    c:/Ruby/lib/ruby/1.8/webrick/server.rb:173:in `start_thread'
    c:/Ruby/lib/ruby/1.8/webrick/server.rb:162:in `start'
    c:/Ruby/lib/ruby/1.8/webrick/server.rb:162:in `start_thread'
    c:/Ruby/lib/ruby/1.8/webrick/server.rb:95:in `start'
    c:/Ruby/lib/ruby/1.8/webrick/server.rb:92:in `each'
    c:/Ruby/lib/ruby/1.8/webrick/server.rb:92:in `start'
    c:/Ruby/lib/ruby/1.8/webrick/server.rb:23:in `start'
    c:/Ruby/lib/ruby/1.8/webrick/server.rb:82:in `start'

Rendered rescues/_trace (78.1ms)
Rendered rescues/_request_and_response (78.1ms)
Rendering rescues/layout (internal_server_error)


Processing PagesController#home (for 127.0.0.1 at 2010-11-03 21:07:11) [GET]
Rendering template within layouts/application
Rendering pages/home
Completed in 813ms (View: 813, DB: 0) | 200 OK [http://localhost/pages/home]


Processing ApplicationController#index (for 127.0.0.1 at 2010-11-03 21:07:12) [GET]

ActionController::RoutingError (No route matches "/stylesheets/blueprint/print.css" with {:method=>:get}):
  c:/Ruby/lib/ruby/1.8/webrick/httpserver.rb:104:in `service'
  c:/Ruby/lib/ruby/1.8/webrick/httpserver.rb:65:in `run'
  c:/Ruby/lib/ruby/1.8/webrick/server.rb:173:in `start_thread'
  c:/Ruby/lib/ruby/1.8/webrick/server.rb:162:in `start'
  c:/Ruby/lib/ruby/1.8/webrick/server.rb:162:in `start_thread'
  c:/Ruby/lib/ruby/1.8/webrick/server.rb:95:in `start'
  c:/Ruby/lib/ruby/1.8/webrick/server.rb:92:in `each'
  c:/Ruby/lib/ruby/1.8/webrick/server.rb:92:in `start'
  c:/Ruby/lib/ruby/1.8/webrick/server.rb:23:in `start'
  c:/Ruby/lib/ruby/1.8/webrick/server.rb:82:in `start'

Rendering rescues/layout (not_found)


Processing ApplicationController#index (for 127.0.0.1 at 2010-11-03 21:07:12) [GET]

ActionController::RoutingError (No route matches "/stylesheets/blueprint/screen.css" with {:method=>:get}):
  c:/Ruby/lib/ruby/1.8/webrick/httpserver.rb:104:in `service'
  c:/Ruby/lib/ruby/1.8/webrick/httpserver.rb:65:in `run'
  c:/Ruby/lib/ruby/1.8/webrick/server.rb:173:in `start_thread'
  c:/Ruby/lib/ruby/1.8/webrick/server.rb:162:in `start'
  c:/Ruby/lib/ruby/1.8/webrick/server.rb:162:in `start_thread'
  c:/Ruby/lib/ruby/1.8/webrick/server.rb:95:in `start'
  c:/Ruby/lib/ruby/1.8/webrick/server.rb:92:in `each'
  c:/Ruby/lib/ruby/1.8/webrick/server.rb:92:in `start'
  c:/Ruby/lib/ruby/1.8/webrick/server.rb:23:in `start'
  c:/Ruby/lib/ruby/1.8/webrick/server.rb:82:in `start'

Rendering rescues/layout (not_found)


Processing ApplicationController#index (for 127.0.0.1 at 2010-11-03 21:07:12) [GET]

ActionController::RoutingError (No route matches "/stylesheets/custom.css" with {:method=>:get}):
  c:/Ruby/lib/ruby/1.8/webrick/httpserver.rb:104:in `service'
  c:/Ruby/lib/ruby/1.8/webrick/httpserver.rb:65:in `run'
  c:/Ruby/lib/ruby/1.8/webrick/server.rb:173:in `start_thread'
  c:/Ruby/lib/ruby/1.8/webrick/server.rb:162:in `start'
  c:/Ruby/lib/ruby/1.8/webrick/server.rb:162:in `start_thread'
  c:/Ruby/lib/ruby/1.8/webrick/server.rb:95:in `start'
  c:/Ruby/lib/ruby/1.8/webrick/server.rb:92:in `each'
  c:/Ruby/lib/ruby/1.8/webrick/server.rb:92:in `start'
  c:/Ruby/lib/ruby/1.8/webrick/server.rb:23:in `start'
  c:/Ruby/lib/ruby/1.8/webrick/server.rb:82:in `start'

Rendering rescues/layout (not_found)


Processing PagesController#home (for 127.0.0.1 at 2010-11-03 21:09:01) [GET]
Rendering template within layouts/application
Rendering pages/home
Completed in 0ms (View: 0, DB: 0) | 200 OK [http://localhost/pages/home]


Processing ApplicationController#index (for 127.0.0.1 at 2010-11-03 21:09:01) [GET]

ActionController::RoutingError (No route matches "/stylesheets/blueprint/screen.css" with {:method=>:get}):
  c:/Ruby/lib/ruby/1.8/webrick/httpserver.rb:104:in `service'
  c:/Ruby/lib/ruby/1.8/webrick/httpserver.rb:65:in `run'
  c:/Ruby/lib/ruby/1.8/webrick/server.rb:173:in `start_thread'
  c:/Ruby/lib/ruby/1.8/webrick/server.rb:162:in `start'
  c:/Ruby/lib/ruby/1.8/webrick/server.rb:162:in `start_thread'
  c:/Ruby/lib/ruby/1.8/webrick/server.rb:95:in `start'
  c:/Ruby/lib/ruby/1.8/webrick/server.rb:92:in `each'
  c:/Ruby/lib/ruby/1.8/webrick/server.rb:92:in `start'
  c:/Ruby/lib/ruby/1.8/webrick/server.rb:23:in `start'
  c:/Ruby/lib/ruby/1.8/webrick/server.rb:82:in `start'

Rendering rescues/layout (not_found)


Processing ApplicationController#index (for 127.0.0.1 at 2010-11-03 21:09:01) [GET]

ActionController::RoutingError (No route matches "/stylesheets/blueprint/print.css" with {:method=>:get}):
  c:/Ruby/lib/ruby/1.8/webrick/httpserver.rb:104:in `service'
  c:/Ruby/lib/ruby/1.8/webrick/httpserver.rb:65:in `run'
  c:/Ruby/lib/ruby/1.8/webrick/server.rb:173:in `start_thread'
  c:/Ruby/lib/ruby/1.8/webrick/server.rb:162:in `start'
  c:/Ruby/lib/ruby/1.8/webrick/server.rb:162:in `start_thread'
  c:/Ruby/lib/ruby/1.8/webrick/server.rb:95:in `start'
  c:/Ruby/lib/ruby/1.8/webrick/server.rb:92:in `each'
  c:/Ruby/lib/ruby/1.8/webrick/server.rb:92:in `start'
  c:/Ruby/lib/ruby/1.8/webrick/server.rb:23:in `start'
  c:/Ruby/lib/ruby/1.8/webrick/server.rb:82:in `start'

Rendering rescues/layout (not_found)


Processing PagesController#home (for 127.0.0.1 at 2010-11-03 21:10:08) [GET]
Rendering template within layouts/application
Rendering pages/home
Completed in 0ms (View: 0, DB: 0) | 200 OK [http://localhost/pages/home]


Processing ApplicationController#index (for 127.0.0.1 at 2010-11-03 21:10:08) [GET]

ActionController::RoutingError (No route matches "/stylesheets/blueprint/screen.css" with {:method=>:get}):
  c:/Ruby/lib/ruby/1.8/webrick/httpserver.rb:104:in `service'
  c:/Ruby/lib/ruby/1.8/webrick/httpserver.rb:65:in `run'
  c:/Ruby/lib/ruby/1.8/webrick/server.rb:173:in `start_thread'
  c:/Ruby/lib/ruby/1.8/webrick/server.rb:162:in `start'
  c:/Ruby/lib/ruby/1.8/webrick/server.rb:162:in `start_thread'
  c:/Ruby/lib/ruby/1.8/webrick/server.rb:95:in `start'
  c:/Ruby/lib/ruby/1.8/webrick/server.rb:92:in `each'
  c:/Ruby/lib/ruby/1.8/webrick/server.rb:92:in `start'
  c:/Ruby/lib/ruby/1.8/webrick/server.rb:23:in `start'
  c:/Ruby/lib/ruby/1.8/webrick/server.rb:82:in `start'

Rendering rescues/layout (not_found)


Processing ApplicationController#index (for 127.0.0.1 at 2010-11-03 21:10:08) [GET]

ActionController::RoutingError (No route matches "/stylesheets/blueprint/print.css" with {:method=>:get}):
  c:/Ruby/lib/ruby/1.8/webrick/httpserver.rb:104:in `service'
  c:/Ruby/lib/ruby/1.8/webrick/httpserver.rb:65:in `run'
  c:/Ruby/lib/ruby/1.8/webrick/server.rb:173:in `start_thread'
  c:/Ruby/lib/ruby/1.8/webrick/server.rb:162:in `start'
  c:/Ruby/lib/ruby/1.8/webrick/server.rb:162:in `start_thread'
  c:/Ruby/lib/ruby/1.8/webrick/server.rb:95:in `start'
  c:/Ruby/lib/ruby/1.8/webrick/server.rb:92:in `each'
  c:/Ruby/lib/ruby/1.8/webrick/server.rb:92:in `start'
  c:/Ruby/lib/ruby/1.8/webrick/server.rb:23:in `start'
  c:/Ruby/lib/ruby/1.8/webrick/server.rb:82:in `start'

Rendering rescues/layout (not_found)


Processing PagesController#home (for 127.0.0.1 at 2010-11-03 21:10:55) [GET]
Rendering template within layouts/application
Rendering pages/home
Completed in 0ms (View: 0, DB: 0) | 200 OK [http://localhost/pages/home]


Processing ApplicationController#index (for 127.0.0.1 at 2010-11-03 21:10:58) [GET]

ActionController::RoutingError (No route matches "/stylesheets/blueprint/screen.css" with {:method=>:get}):
  c:/Ruby/lib/ruby/1.8/webrick/httpserver.rb:104:in `service'
  c:/Ruby/lib/ruby/1.8/webrick/httpserver.rb:65:in `run'
  c:/Ruby/lib/ruby/1.8/webrick/server.rb:173:in `start_thread'
  c:/Ruby/lib/ruby/1.8/webrick/server.rb:162:in `start'
  c:/Ruby/lib/ruby/1.8/webrick/server.rb:162:in `start_thread'
  c:/Ruby/lib/ruby/1.8/webrick/server.rb:95:in `start'
  c:/Ruby/lib/ruby/1.8/webrick/server.rb:92:in `each'
  c:/Ruby/lib/ruby/1.8/webrick/server.rb:92:in `start'
  c:/Ruby/lib/ruby/1.8/webrick/server.rb:23:in `start'
  c:/Ruby/lib/ruby/1.8/webrick/server.rb:82:in `start'

Rendering rescues/layout (not_found)


Processing ApplicationController#index (for 127.0.0.1 at 2010-11-03 21:10:58) [GET]

ActionController::RoutingError (No route matches "/stylesheets/blueprint/print.css" with {:method=>:get}):
  c:/Ruby/lib/ruby/1.8/webrick/httpserver.rb:104:in `service'
  c:/Ruby/lib/ruby/1.8/webrick/httpserver.rb:65:in `run'
  c:/Ruby/lib/ruby/1.8/webrick/server.rb:173:in `start_thread'
  c:/Ruby/lib/ruby/1.8/webrick/server.rb:162:in `start'
  c:/Ruby/lib/ruby/1.8/webrick/server.rb:162:in `start_thread'
  c:/Ruby/lib/ruby/1.8/webrick/server.rb:95:in `start'
  c:/Ruby/lib/ruby/1.8/webrick/server.rb:92:in `each'
  c:/Ruby/lib/ruby/1.8/webrick/server.rb:92:in `start'
  c:/Ruby/lib/ruby/1.8/webrick/server.rb:23:in `start'
  c:/Ruby/lib/ruby/1.8/webrick/server.rb:82:in `start'

Rendering rescues/layout (not_found)


Processing PagesController#home (for 127.0.0.1 at 2010-11-03 21:13:13) [GET]
Rendering template within layouts/application
Rendering pages/home
Completed in 31ms (View: 31, DB: 0) | 200 OK [http://localhost/pages/home]


Processing ApplicationController#index (for 127.0.0.1 at 2010-11-03 21:13:13) [GET]

ActionController::RoutingError (No route matches "/stylesheets/stylesheets/screen.css" with {:method=>:get}):
  c:/Ruby/lib/ruby/1.8/webrick/httpserver.rb:104:in `service'
  c:/Ruby/lib/ruby/1.8/webrick/httpserver.rb:65:in `run'
  c:/Ruby/lib/ruby/1.8/webrick/server.rb:173:in `start_thread'
  c:/Ruby/lib/ruby/1.8/webrick/server.rb:162:in `start'
  c:/Ruby/lib/ruby/1.8/webrick/server.rb:162:in `start_thread'
  c:/Ruby/lib/ruby/1.8/webrick/server.rb:95:in `start'
  c:/Ruby/lib/ruby/1.8/webrick/server.rb:92:in `each'
  c:/Ruby/lib/ruby/1.8/webrick/server.rb:92:in `start'
  c:/Ruby/lib/ruby/1.8/webrick/server.rb:23:in `start'
  c:/Ruby/lib/ruby/1.8/webrick/server.rb:82:in `start'

Rendering rescues/layout (not_found)


Processing ApplicationController#index (for 127.0.0.1 at 2010-11-03 21:13:13) [GET]

ActionController::RoutingError (No route matches "/stylesheets/stylesheets/print.css" with {:method=>:get}):
  c:/Ruby/lib/ruby/1.8/webrick/httpserver.rb:104:in `service'
  c:/Ruby/lib/ruby/1.8/webrick/httpserver.rb:65:in `run'
  c:/Ruby/lib/ruby/1.8/webrick/server.rb:173:in `start_thread'
  c:/Ruby/lib/ruby/1.8/webrick/server.rb:162:in `start'
  c:/Ruby/lib/ruby/1.8/webrick/server.rb:162:in `start_thread'
  c:/Ruby/lib/ruby/1.8/webrick/server.rb:95:in `start'
  c:/Ruby/lib/ruby/1.8/webrick/server.rb:92:in `each'
  c:/Ruby/lib/ruby/1.8/webrick/server.rb:92:in `start'
  c:/Ruby/lib/ruby/1.8/webrick/server.rb:23:in `start'
  c:/Ruby/lib/ruby/1.8/webrick/server.rb:82:in `start'

Rendering rescues/layout (not_found)


Processing PagesController#home (for 127.0.0.1 at 2010-11-03 21:13:14) [GET]
Rendering template within layouts/application
Rendering pages/home
Completed in 0ms (View: 0, DB: 0) | 200 OK [http://localhost/pages/home]


Processing ApplicationController#index (for 127.0.0.1 at 2010-11-03 21:13:14) [GET]

ActionController::RoutingError (No route matches "/stylesheets/stylesheets/screen.css" with {:method=>:get}):
  c:/Ruby/lib/ruby/1.8/webrick/httpserver.rb:104:in `service'
  c:/Ruby/lib/ruby/1.8/webrick/httpserver.rb:65:in `run'
  c:/Ruby/lib/ruby/1.8/webrick/server.rb:173:in `start_thread'
  c:/Ruby/lib/ruby/1.8/webrick/server.rb:162:in `start'
  c:/Ruby/lib/ruby/1.8/webrick/server.rb:162:in `start_thread'
  c:/Ruby/lib/ruby/1.8/webrick/server.rb:95:in `start'
  c:/Ruby/lib/ruby/1.8/webrick/server.rb:92:in `each'
  c:/Ruby/lib/ruby/1.8/webrick/server.rb:92:in `start'
  c:/Ruby/lib/ruby/1.8/webrick/server.rb:23:in `start'
  c:/Ruby/lib/ruby/1.8/webrick/server.rb:82:in `start'

Rendering rescues/layout (not_found)


Processing ApplicationController#index (for 127.0.0.1 at 2010-11-03 21:13:14) [GET]

ActionController::RoutingError (No route matches "/stylesheets/stylesheets/print.css" with {:method=>:get}):
  c:/Ruby/lib/ruby/1.8/webrick/httpserver.rb:104:in `service'
  c:/Ruby/lib/ruby/1.8/webrick/httpserver.rb:65:in `run'
  c:/Ruby/lib/ruby/1.8/webrick/server.rb:173:in `start_thread'
  c:/Ruby/lib/ruby/1.8/webrick/server.rb:162:in `start'
  c:/Ruby/lib/ruby/1.8/webrick/server.rb:162:in `start_thread'
  c:/Ruby/lib/ruby/1.8/webrick/server.rb:95:in `start'
  c:/Ruby/lib/ruby/1.8/webrick/server.rb:92:in `each'
  c:/Ruby/lib/ruby/1.8/webrick/server.rb:92:in `start'
  c:/Ruby/lib/ruby/1.8/webrick/server.rb:23:in `start'
  c:/Ruby/lib/ruby/1.8/webrick/server.rb:82:in `start'

Rendering rescues/layout (not_found)


Processing PagesController#home (for 127.0.0.1 at 2010-11-03 21:13:55) [GET]
Rendering template within layouts/application
Rendering pages/home
Completed in 141ms (View: 141, DB: 0) | 200 OK [http://localhost/pages/home]


Processing ApplicationController#index (for 127.0.0.1 at 2010-11-03 21:13:55) [GET]

ActionController::RoutingError (No route matches "/stylesheets/stylesheets/screen.css" with {:method=>:get}):
  c:/Ruby/lib/ruby/1.8/webrick/httpserver.rb:104:in `service'
  c:/Ruby/lib/ruby/1.8/webrick/httpserver.rb:65:in `run'
  c:/Ruby/lib/ruby/1.8/webrick/server.rb:173:in `start_thread'
  c:/Ruby/lib/ruby/1.8/webrick/server.rb:162:in `start'
  c:/Ruby/lib/ruby/1.8/webrick/server.rb:162:in `start_thread'
  c:/Ruby/lib/ruby/1.8/webrick/server.rb:95:in `start'
  c:/Ruby/lib/ruby/1.8/webrick/server.rb:92:in `each'
  c:/Ruby/lib/ruby/1.8/webrick/server.rb:92:in `start'
  c:/Ruby/lib/ruby/1.8/webrick/server.rb:23:in `start'
  c:/Ruby/lib/ruby/1.8/webrick/server.rb:82:in `start'

Rendering rescues/layout (not_found)


Processing ApplicationController#index (for 127.0.0.1 at 2010-11-03 21:13:55) [GET]

ActionController::RoutingError (No route matches "/stylesheets/stylesheets/print.css" with {:method=>:get}):
  c:/Ruby/lib/ruby/1.8/webrick/httpserver.rb:104:in `service'
  c:/Ruby/lib/ruby/1.8/webrick/httpserver.rb:65:in `run'
  c:/Ruby/lib/ruby/1.8/webrick/server.rb:173:in `start_thread'
  c:/Ruby/lib/ruby/1.8/webrick/server.rb:162:in `start'
  c:/Ruby/lib/ruby/1.8/webrick/server.rb:162:in `start_thread'
  c:/Ruby/lib/ruby/1.8/webrick/server.rb:95:in `start'
  c:/Ruby/lib/ruby/1.8/webrick/server.rb:92:in `each'
  c:/Ruby/lib/ruby/1.8/webrick/server.rb:92:in `start'
  c:/Ruby/lib/ruby/1.8/webrick/server.rb:23:in `start'
  c:/Ruby/lib/ruby/1.8/webrick/server.rb:82:in `start'

Rendering rescues/layout (not_found)


Processing PagesController#home (for 127.0.0.1 at 2010-11-03 21:14:04) [GET]
Rendering template within layouts/application
Rendering pages/home
Completed in 0ms (View: 0, DB: 0) | 200 OK [http://localhost/pages/home]


Processing ApplicationController#index (for 127.0.0.1 at 2010-11-03 21:14:04) [GET]

ActionController::RoutingError (No route matches "/stylesheets/stylesheets/screen.css" with {:method=>:get}):
  c:/Ruby/lib/ruby/1.8/webrick/httpserver.rb:104:in `service'
  c:/Ruby/lib/ruby/1.8/webrick/httpserver.rb:65:in `run'
  c:/Ruby/lib/ruby/1.8/webrick/server.rb:173:in `start_thread'
  c:/Ruby/lib/ruby/1.8/webrick/server.rb:162:in `start'
  c:/Ruby/lib/ruby/1.8/webrick/server.rb:162:in `start_thread'
  c:/Ruby/lib/ruby/1.8/webrick/server.rb:95:in `start'
  c:/Ruby/lib/ruby/1.8/webrick/server.rb:92:in `each'
  c:/Ruby/lib/ruby/1.8/webrick/server.rb:92:in `start'
  c:/Ruby/lib/ruby/1.8/webrick/server.rb:23:in `start'
  c:/Ruby/lib/ruby/1.8/webrick/server.rb:82:in `start'

Rendering rescues/layout (not_found)


Processing ApplicationController#index (for 127.0.0.1 at 2010-11-03 21:14:04) [GET]

ActionController::RoutingError (No route matches "/stylesheets/stylesheets/print.css" with {:method=>:get}):
  c:/Ruby/lib/ruby/1.8/webrick/httpserver.rb:104:in `service'
  c:/Ruby/lib/ruby/1.8/webrick/httpserver.rb:65:in `run'
  c:/Ruby/lib/ruby/1.8/webrick/server.rb:173:in `start_thread'
  c:/Ruby/lib/ruby/1.8/webrick/server.rb:162:in `start'
  c:/Ruby/lib/ruby/1.8/webrick/server.rb:162:in `start_thread'
  c:/Ruby/lib/ruby/1.8/webrick/server.rb:95:in `start'
  c:/Ruby/lib/ruby/1.8/webrick/server.rb:92:in `each'
  c:/Ruby/lib/ruby/1.8/webrick/server.rb:92:in `start'
  c:/Ruby/lib/ruby/1.8/webrick/server.rb:23:in `start'
  c:/Ruby/lib/ruby/1.8/webrick/server.rb:82:in `start'

Rendering rescues/layout (not_found)


Processing PagesController#home (for 127.0.0.1 at 2010-11-03 21:14:06) [GET]
Rendering template within layouts/application
Rendering pages/home
Completed in 16ms (View: 16, DB: 0) | 200 OK [http://localhost/pages/home]


Processing ApplicationController#index (for 127.0.0.1 at 2010-11-03 21:14:06) [GET]

ActionController::RoutingError (No route matches "/stylesheets/stylesheets/screen.css" with {:method=>:get}):
  c:/Ruby/lib/ruby/1.8/webrick/httpserver.rb:104:in `service'
  c:/Ruby/lib/ruby/1.8/webrick/httpserver.rb:65:in `run'
  c:/Ruby/lib/ruby/1.8/webrick/server.rb:173:in `start_thread'
  c:/Ruby/lib/ruby/1.8/webrick/server.rb:162:in `start'
  c:/Ruby/lib/ruby/1.8/webrick/server.rb:162:in `start_thread'
  c:/Ruby/lib/ruby/1.8/webrick/server.rb:95:in `start'
  c:/Ruby/lib/ruby/1.8/webrick/server.rb:92:in `each'
  c:/Ruby/lib/ruby/1.8/webrick/server.rb:92:in `start'
  c:/Ruby/lib/ruby/1.8/webrick/server.rb:23:in `start'
  c:/Ruby/lib/ruby/1.8/webrick/server.rb:82:in `start'

Rendering rescues/layout (not_found)


Processing ApplicationController#index (for 127.0.0.1 at 2010-11-03 21:14:06) [GET]

ActionController::RoutingError (No route matches "/stylesheets/stylesheets/print.css" with {:method=>:get}):
  c:/Ruby/lib/ruby/1.8/webrick/httpserver.rb:104:in `service'
  c:/Ruby/lib/ruby/1.8/webrick/httpserver.rb:65:in `run'
  c:/Ruby/lib/ruby/1.8/webrick/server.rb:173:in `start_thread'
  c:/Ruby/lib/ruby/1.8/webrick/server.rb:162:in `start'
  c:/Ruby/lib/ruby/1.8/webrick/server.rb:162:in `start_thread'
  c:/Ruby/lib/ruby/1.8/webrick/server.rb:95:in `start'
  c:/Ruby/lib/ruby/1.8/webrick/server.rb:92:in `each'
  c:/Ruby/lib/ruby/1.8/webrick/server.rb:92:in `start'
  c:/Ruby/lib/ruby/1.8/webrick/server.rb:23:in `start'
  c:/Ruby/lib/ruby/1.8/webrick/server.rb:82:in `start'

Rendering rescues/layout (not_found)


Processing PagesController#home (for 127.0.0.1 at 2010-11-03 21:14:40) [GET]
Rendering template within layouts/application
Rendering pages/home
Completed in 16ms (View: 0, DB: 0) | 200 OK [http://localhost/pages/home]


Processing PagesController#home (for 127.0.0.1 at 2010-11-03 21:14:44) [GET]
Rendering template within layouts/application
Rendering pages/home
Completed in 0ms (View: 0, DB: 0) | 200 OK [http://localhost/pages/home]


Processing PagesController#home (for 127.0.0.1 at 2010-11-03 21:14:58) [GET]
Rendering template within layouts/application
Rendering pages/home
Completed in 31ms (View: 31, DB: 0) | 200 OK [http://localhost/pages/home]


Processing PagesController#home (for 127.0.0.1 at 2010-11-03 21:14:59) [GET]
Rendering template within layouts/application
Rendering pages/home
Completed in 16ms (View: 0, DB: 0) | 200 OK [http://localhost/pages/home]


Processing PagesController#home (for 127.0.0.1 at 2010-11-03 21:14:59) [GET]
Rendering template within layouts/application
Rendering pages/home
Completed in 16ms (View: 16, DB: 0) | 200 OK [http://localhost/pages/home]


Processing PagesController#home (for 127.0.0.1 at 2010-11-03 21:15:00) [GET]
Rendering template within layouts/application
Rendering pages/home
Completed in 0ms (View: 0, DB: 0) | 200 OK [http://localhost/pages/home]


Processing PagesController#home (for 127.0.0.1 at 2010-11-03 21:15:01) [GET]
Rendering template within layouts/application
Rendering pages/home
Completed in 0ms (View: 0, DB: 0) | 200 OK [http://localhost/pages/home]


Processing PagesController#home (for 127.0.0.1 at 2010-11-03 21:15:20) [GET]
Rendering template within layouts/application
Rendering pages/home
Completed in 0ms (View: 0, DB: 0) | 200 OK [http://localhost/pages/home]


Processing PagesController#home (for 127.0.0.1 at 2010-11-03 21:15:39) [GET]
Rendering template within layouts/application
Rendering pages/home
Completed in 16ms (View: 16, DB: 0) | 200 OK [http://localhost/pages/home]


Processing PagesController#home (for 127.0.0.1 at 2010-11-03 21:19:03) [GET]
Rendering template within layouts/application
Rendering pages/home
Completed in 16ms (View: 0, DB: 0) | 200 OK [http://localhost/pages/home]


Processing PagesController#home (for 127.0.0.1 at 2010-11-03 21:20:58) [GET]
Rendering template within layouts/application
Rendering pages/home
Completed in 16ms (View: 16, DB: 0) | 200 OK [http://localhost/pages/home]


Processing PagesController#home (for 127.0.0.1 at 2010-11-03 21:20:59) [GET]
Rendering template within layouts/application
Rendering pages/home
Completed in 0ms (View: 0, DB: 0) | 200 OK [http://localhost/pages/home]


Processing PagesController#home (for 127.0.0.1 at 2010-11-03 21:21:00) [GET]
Rendering template within layouts/application
Rendering pages/home
Completed in 0ms (View: 0, DB: 0) | 200 OK [http://localhost/pages/home]


Processing PagesController#home (for 127.0.0.1 at 2010-11-03 21:21:37) [GET]
Rendering template within layouts/application
Rendering pages/home
Completed in 16ms (View: 16, DB: 0) | 200 OK [http://localhost/pages/home]


Processing PagesController#home (for 127.0.0.1 at 2010-11-03 21:21:38) [GET]
Rendering template within layouts/application
Rendering pages/home
Completed in 0ms (View: 0, DB: 0) | 200 OK [http://localhost/pages/home]


Processing PagesController#home (for 127.0.0.1 at 2010-11-03 21:21:38) [GET]
Rendering template within layouts/application
Rendering pages/home
Completed in 0ms (View: 0, DB: 0) | 200 OK [http://localhost/pages/home]


Processing PagesController#home (for 127.0.0.1 at 2010-11-03 21:21:43) [GET]
Rendering template within layouts/application
Rendering pages/home
Completed in 16ms (View: 16, DB: 0) | 200 OK [http://localhost/pages/home]


Processing PagesController#home (for 127.0.0.1 at 2010-11-03 21:21:44) [GET]
Rendering template within layouts/application
Rendering pages/home
Completed in 0ms (View: 0, DB: 0) | 200 OK [http://localhost/pages/home]


Processing PagesController#home (for 127.0.0.1 at 2010-11-03 21:22:10) [GET]
Rendering template within layouts/application
Rendering pages/home
Completed in 0ms (View: 0, DB: 0) | 200 OK [http://localhost/pages/home]


Processing PagesController#home (for 127.0.0.1 at 2010-11-03 21:23:02) [GET]
Rendering template within layouts/application
Rendering pages/home
Completed in 16ms (View: 16, DB: 0) | 200 OK [http://localhost/pages/home]


Processing PagesController#home (for 127.0.0.1 at 2010-11-03 21:24:19) [GET]
Rendering template within layouts/application
Rendering pages/home
Completed in 0ms (View: 0, DB: 0) | 200 OK [http://localhost/pages/home]


Processing PagesController#home (for 127.0.0.1 at 2010-11-03 21:25:35) [GET]
Rendering template within layouts/application
Rendering pages/home
Completed in 0ms (View: 0, DB: 0) | 200 OK [http://localhost/pages/home]


Processing PagesController#home (for 127.0.0.1 at 2010-11-03 21:26:04) [GET]
Rendering template within layouts/application
Rendering pages/home
Completed in 0ms (View: 0, DB: 0) | 200 OK [http://localhost/pages/home]


Processing PagesController#home (for 127.0.0.1 at 2010-11-03 21:30:07) [GET]
Rendering template within layouts/application
Rendering pages/home

ActionView::TemplateError (undefined method `redner' for #<ActionView::Base:0x4774338>) on line #6 of app/views/layouts/application.html.erb:
3: <html lang="en" xml:lang="en" xmlns="http://www.w3.org/1999/xhtml">
4:   <head>
5:     <title><%= title %></title>
6: 	<%= redner 'layouts/stylesheets' %>
7:   </head>
8:   <body>
9:     <div class="container">

    app/views/layouts/application.html.erb:6
    c:/Ruby/lib/ruby/1.8/webrick/httpserver.rb:104:in `service'
    c:/Ruby/lib/ruby/1.8/webrick/httpserver.rb:65:in `run'
    c:/Ruby/lib/ruby/1.8/webrick/server.rb:173:in `start_thread'
    c:/Ruby/lib/ruby/1.8/webrick/server.rb:162:in `start'
    c:/Ruby/lib/ruby/1.8/webrick/server.rb:162:in `start_thread'
    c:/Ruby/lib/ruby/1.8/webrick/server.rb:95:in `start'
    c:/Ruby/lib/ruby/1.8/webrick/server.rb:92:in `each'
    c:/Ruby/lib/ruby/1.8/webrick/server.rb:92:in `start'
    c:/Ruby/lib/ruby/1.8/webrick/server.rb:23:in `start'
    c:/Ruby/lib/ruby/1.8/webrick/server.rb:82:in `start'

Rendered rescues/_trace (62.5ms)
Rendered rescues/_request_and_response (0.0ms)
Rendering rescues/layout (internal_server_error)


Processing PagesController#home (for 127.0.0.1 at 2010-11-03 21:30:47) [GET]
Rendering template within layouts/application
Rendering pages/home

ActionView::TemplateError (undefined method `redner' for #<ActionView::Base:0x4580f10>) on line #6 of app/views/layouts/application.html.erb:
3: <html lang="en" xml:lang="en" xmlns="http://www.w3.org/1999/xhtml">
4:   <head>
5:     <title><%= title %></title>
6: 	<%= redner 'layouts/stylesheets' %>
7:   </head>
8:   <body>
9:     <div class="container">

    app/views/layouts/application.html.erb:6
    c:/Ruby/lib/ruby/1.8/webrick/httpserver.rb:104:in `service'
    c:/Ruby/lib/ruby/1.8/webrick/httpserver.rb:65:in `run'
    c:/Ruby/lib/ruby/1.8/webrick/server.rb:173:in `start_thread'
    c:/Ruby/lib/ruby/1.8/webrick/server.rb:162:in `start'
    c:/Ruby/lib/ruby/1.8/webrick/server.rb:162:in `start_thread'
    c:/Ruby/lib/ruby/1.8/webrick/server.rb:95:in `start'
    c:/Ruby/lib/ruby/1.8/webrick/server.rb:92:in `each'
    c:/Ruby/lib/ruby/1.8/webrick/server.rb:92:in `start'
    c:/Ruby/lib/ruby/1.8/webrick/server.rb:23:in `start'
    c:/Ruby/lib/ruby/1.8/webrick/server.rb:82:in `start'

Rendered rescues/_trace (46.9ms)
Rendered rescues/_request_and_response (0.0ms)
Rendering rescues/layout (internal_server_error)


Processing PagesController#home (for 127.0.0.1 at 2010-11-03 21:30:49) [GET]
Rendering template within layouts/application
Rendering pages/home

ActionView::TemplateError (undefined method `redner' for #<ActionView::Base:0x4771290>) on line #6 of app/views/layouts/application.html.erb:
3: <html lang="en" xml:lang="en" xmlns="http://www.w3.org/1999/xhtml">
4:   <head>
5:     <title><%= title %></title>
6: 	<%= redner 'layouts/stylesheets' %>
7:   </head>
8:   <body>
9:     <div class="container">

    app/views/layouts/application.html.erb:6
    c:/Ruby/lib/ruby/1.8/webrick/httpserver.rb:104:in `service'
    c:/Ruby/lib/ruby/1.8/webrick/httpserver.rb:65:in `run'
    c:/Ruby/lib/ruby/1.8/webrick/server.rb:173:in `start_thread'
    c:/Ruby/lib/ruby/1.8/webrick/server.rb:162:in `start'
    c:/Ruby/lib/ruby/1.8/webrick/server.rb:162:in `start_thread'
    c:/Ruby/lib/ruby/1.8/webrick/server.rb:95:in `start'
    c:/Ruby/lib/ruby/1.8/webrick/server.rb:92:in `each'
    c:/Ruby/lib/ruby/1.8/webrick/server.rb:92:in `start'
    c:/Ruby/lib/ruby/1.8/webrick/server.rb:23:in `start'
    c:/Ruby/lib/ruby/1.8/webrick/server.rb:82:in `start'

Rendered rescues/_trace (46.9ms)
Rendered rescues/_request_and_response (0.0ms)
Rendering rescues/layout (internal_server_error)


Processing PagesController#home (for 127.0.0.1 at 2010-11-03 21:31:15) [GET]
Rendering template within layouts/application
Rendering pages/home
Rendered layouts/_stylesheets (0.0ms)
Rendered layouts/_header (0.0ms)
Completed in 63ms (View: 63, DB: 0) | 200 OK [http://localhost/pages/home]


Processing PagesController#home (for 127.0.0.1 at 2010-11-03 21:32:58) [GET]
Rendering template within layouts/application
Rendering pages/home
Rendered layouts/_stylesheets (0.0ms)
Rendered layouts/_header (0.0ms)
Rendered layouts/_footer (0.0ms)
Completed in 16ms (View: 16, DB: 0) | 200 OK [http://localhost/pages/home]


Processing PagesController#home (for 127.0.0.1 at 2010-11-03 21:33:25) [GET]
Rendering template within layouts/application
Rendering pages/home
Rendered layouts/_stylesheets (0.0ms)
Rendered layouts/_header (0.0ms)
Rendered layouts/_footer (0.0ms)
Completed in 16ms (View: 16, DB: 0) | 200 OK [http://localhost/pages/home]


Processing PagesController#home (for 127.0.0.1 at 2010-11-03 21:35:59) [GET]
Rendering template within layouts/application
Rendering pages/home
Rendered layouts/_stylesheets (0.0ms)
Rendered layouts/_header (0.0ms)
Rendered layouts/_footer (0.0ms)
Completed in 0ms (View: 0, DB: 0) | 200 OK [http://localhost/pages/home]


Processing PagesController#home (for 127.0.0.1 at 2010-11-03 21:36:02) [GET]
Rendering template within layouts/application
Rendering pages/home
Rendered layouts/_stylesheets (0.0ms)
Rendered layouts/_header (15.6ms)
Rendered layouts/_footer (0.0ms)
Completed in 16ms (View: 16, DB: 0) | 200 OK [http://localhost/pages/home]


Processing PagesController#home (for 127.0.0.1 at 2010-11-03 21:36:14) [GET]
Rendering template within layouts/application
Rendering pages/home
Rendered layouts/_stylesheets (0.0ms)
Rendered layouts/_header (0.0ms)
Rendered layouts/_footer (0.0ms)
Completed in 0ms (View: 0, DB: 0) | 200 OK [http://localhost/pages/home]


Processing PagesController#home (for 127.0.0.1 at 2010-11-03 21:36:14) [GET]
Rendering template within layouts/application
Rendering pages/home
Rendered layouts/_stylesheets (0.0ms)
Rendered layouts/_header (0.0ms)
Rendered layouts/_footer (0.0ms)
Completed in 16ms (View: 16, DB: 0) | 200 OK [http://localhost/pages/home]


Processing PagesController#home (for 127.0.0.1 at 2010-11-03 21:38:34) [GET]
Rendering template within layouts/application
Rendering pages/home
Rendered layouts/_stylesheets (0.0ms)
Rendered layouts/_header (0.0ms)
Rendered layouts/_footer (0.0ms)
Completed in 63ms (View: 63, DB: 0) | 200 OK [http://localhost/pages/home]


Processing PagesController#home (for 127.0.0.1 at 2010-11-03 21:39:18) [GET]
Rendering template within layouts/application
Rendering pages/home
Rendered layouts/_stylesheets (0.0ms)
Rendered layouts/_header (0.0ms)
Rendered layouts/_footer (0.0ms)
Completed in 0ms (View: 0, DB: 0) | 200 OK [http://localhost/pages/home]


Processing PagesController#home (for 127.0.0.1 at 2010-11-03 21:39:18) [GET]
Rendering template within layouts/application
Rendering pages/home
Rendered layouts/_stylesheets (0.0ms)
Rendered layouts/_header (0.0ms)
Rendered layouts/_footer (0.0ms)
Completed in 16ms (View: 16, DB: 0) | 200 OK [http://localhost/pages/home]


Processing PagesController#home (for 127.0.0.1 at 2010-11-03 21:39:19) [GET]
Rendering template within layouts/application
Rendering pages/home
Rendered layouts/_stylesheets (0.0ms)
Rendered layouts/_header (0.0ms)
Rendered layouts/_footer (0.0ms)
Completed in 0ms (View: 0, DB: 0) | 200 OK [http://localhost/pages/home]


Processing PagesController#home (for 127.0.0.1 at 2010-11-03 21:40:30) [GET]
Rendering template within layouts/application
Rendering pages/home
Rendered layouts/_stylesheets (15.6ms)
Rendered layouts/_header (0.0ms)
Rendered layouts/_footer (0.0ms)
Completed in 16ms (View: 16, DB: 0) | 200 OK [http://localhost/pages/home]


Processing PagesController#home (for 127.0.0.1 at 2010-11-03 21:40:42) [GET]
Rendering template within layouts/application
Rendering pages/home
Rendered layouts/_stylesheets (0.0ms)
Rendered layouts/_header (0.0ms)
Rendered layouts/_footer (0.0ms)
Completed in 16ms (View: 16, DB: 0) | 200 OK [http://localhost/pages/home]


Processing PagesController#home (for 127.0.0.1 at 2010-11-03 21:40:46) [GET]
Rendering template within layouts/application
Rendering pages/home
Rendered layouts/_stylesheets (0.0ms)
Rendered layouts/_header (0.0ms)
Rendered layouts/_footer (0.0ms)
Completed in 16ms (View: 0, DB: 0) | 200 OK [http://localhost/pages/home]


Processing PagesController#home (for 127.0.0.1 at 2010-11-03 21:41:19) [GET]
Rendering template within layouts/application
Rendering pages/home
Rendered layouts/_stylesheets (15.6ms)
Rendered layouts/_header (0.0ms)
Rendered layouts/_footer (0.0ms)
Completed in 16ms (View: 16, DB: 0) | 200 OK [http://localhost/pages/home]


Processing PagesController#home (for 127.0.0.1 at 2010-11-03 21:41:24) [GET]
Rendering template within layouts/application
Rendering pages/home
Rendered layouts/_stylesheets (0.0ms)
Rendered layouts/_header (0.0ms)
Rendered layouts/_footer (0.0ms)
Completed in 0ms (View: 0, DB: 0) | 200 OK [http://localhost/pages/home]


Processing PagesController#home (for 127.0.0.1 at 2010-11-03 21:41:51) [GET]
Rendering template within layouts/application
Rendering pages/home
Rendered layouts/_stylesheets (0.0ms)
Rendered layouts/_header (0.0ms)
Rendered layouts/_footer (0.0ms)
Completed in 0ms (View: 0, DB: 0) | 200 OK [http://localhost/pages/home]


Processing PagesController#home (for 127.0.0.1 at 2010-11-03 21:42:37) [GET]
Rendering template within layouts/application
Rendering pages/home
Rendered layouts/_stylesheets (0.0ms)
Rendered layouts/_header (0.0ms)
Rendered layouts/_footer (15.6ms)
Completed in 16ms (View: 16, DB: 0) | 200 OK [http://localhost/pages/home]


Processing PagesController#home (for 127.0.0.1 at 2010-11-03 21:42:51) [GET]
Rendering template within layouts/application
Rendering pages/home
Rendered layouts/_stylesheets (0.0ms)
Rendered layouts/_header (0.0ms)
Rendered layouts/_footer (0.0ms)
Completed in 0ms (View: 0, DB: 0) | 200 OK [http://localhost/pages/home]


Processing PagesController#home (for 127.0.0.1 at 2010-11-03 21:43:07) [GET]
Rendering template within layouts/application
Rendering pages/home
Rendered layouts/_stylesheets (0.0ms)
Rendered layouts/_header (0.0ms)
Rendered layouts/_footer (0.0ms)
Completed in 0ms (View: 0, DB: 0) | 200 OK [http://localhost/pages/home]


Processing PagesController#home (for 127.0.0.1 at 2010-11-03 21:43:18) [GET]
Rendering template within layouts/application
Rendering pages/home
Rendered layouts/_stylesheets (0.0ms)
Rendered layouts/_header (0.0ms)
Rendered layouts/_footer (0.0ms)
Completed in 0ms (View: 0, DB: 0) | 200 OK [http://localhost/pages/home]


Processing PagesController#home (for 127.0.0.1 at 2010-11-03 21:43:27) [GET]
Rendering template within layouts/application
Rendering pages/home
Rendered layouts/_stylesheets (0.0ms)
Rendered layouts/_header (0.0ms)
Rendered layouts/_footer (0.0ms)
Completed in 0ms (View: 0, DB: 0) | 200 OK [http://localhost/pages/home]


Processing PagesController#home (for 127.0.0.1 at 2010-11-03 21:43:44) [GET]
Rendering template within layouts/application
Rendering pages/home
Rendered layouts/_stylesheets (0.0ms)
Rendered layouts/_header (0.0ms)
Rendered layouts/_footer (0.0ms)
Completed in 0ms (View: 0, DB: 0) | 200 OK [http://localhost/pages/home]


Processing PagesController#home (for 127.0.0.1 at 2010-11-03 21:44:03) [GET]
Rendering template within layouts/application
Rendering pages/home
Rendered layouts/_stylesheets (0.0ms)
Rendered layouts/_header (0.0ms)
Rendered layouts/_footer (0.0ms)
Completed in 0ms (View: 0, DB: 0) | 200 OK [http://localhost/pages/home]


Processing PagesController#home (for 127.0.0.1 at 2010-11-03 21:44:14) [GET]
Rendering template within layouts/application
Rendering pages/home
Rendered layouts/_stylesheets (0.0ms)
Rendered layouts/_header (0.0ms)
Rendered layouts/_footer (0.0ms)
Completed in 16ms (View: 0, DB: 0) | 200 OK [http://localhost/pages/home]


Processing PagesController#home (for 127.0.0.1 at 2010-11-03 21:44:35) [GET]
Rendering template within layouts/application
Rendering pages/home
Rendered layouts/_stylesheets (0.0ms)
Rendered layouts/_header (0.0ms)
Rendered layouts/_footer (0.0ms)
Completed in 0ms (View: 0, DB: 0) | 200 OK [http://localhost/pages/home]


Processing PagesController#home (for 127.0.0.1 at 2010-11-03 21:45:42) [GET]
Rendering template within layouts/application
Rendering pages/home
Rendered layouts/_stylesheets (0.0ms)
Rendered layouts/_header (0.0ms)
Rendered layouts/_footer (0.0ms)
Completed in 0ms (View: 0, DB: 0) | 200 OK [http://localhost/pages/home]


Processing PagesController#home (for 127.0.0.1 at 2010-11-03 21:46:29) [GET]
Rendering template within layouts/application
Rendering pages/home
Rendered layouts/_stylesheets (0.0ms)
Rendered layouts/_header (0.0ms)
Rendered layouts/_footer (0.0ms)
Completed in 16ms (View: 16, DB: 0) | 200 OK [http://localhost/pages/home]


Processing PagesController#home (for 127.0.0.1 at 2010-11-04 07:15:37) [GET]
Rendering template within layouts/application
Rendering pages/home
Rendered layouts/_stylesheets (31.3ms)
Rendered layouts/_header (0.0ms)
Rendered layouts/_footer (0.0ms)
Completed in 31ms (View: 31, DB: 0) | 200 OK [http://localhost/pages/home]


Processing PagesController#home (for 127.0.0.1 at 2010-11-04 07:16:05) [GET]
Rendering template within layouts/application
Rendering pages/home
Rendered layouts/_stylesheets (0.0ms)
Rendered layouts/_header (0.0ms)
Rendered layouts/_footer (0.0ms)
Completed in 16ms (View: 16, DB: 0) | 200 OK [http://localhost/pages/home]


Processing PagesController#home (for 127.0.0.1 at 2010-11-04 07:16:06) [GET]
Rendering template within layouts/application
Rendering pages/home
Rendered layouts/_stylesheets (0.0ms)
Rendered layouts/_header (0.0ms)
Rendered layouts/_footer (0.0ms)
Completed in 0ms (View: 0, DB: 0) | 200 OK [http://localhost/pages/home]


Processing PagesController#home (for 127.0.0.1 at 2010-11-04 07:16:07) [GET]
Rendering template within layouts/application
Rendering pages/home
Rendered layouts/_stylesheets (0.0ms)
Rendered layouts/_header (0.0ms)
Rendered layouts/_footer (0.0ms)
Completed in 0ms (View: 0, DB: 0) | 200 OK [http://localhost/pages/home]


Processing PagesController#home (for 127.0.0.1 at 2010-11-04 07:16:08) [GET]
Rendering template within layouts/application
Rendering pages/home
Rendered layouts/_stylesheets (0.0ms)
Rendered layouts/_header (0.0ms)
Rendered layouts/_footer (0.0ms)
Completed in 16ms (View: 0, DB: 0) | 200 OK [http://localhost/pages/home]


Processing PagesController#home (for 127.0.0.1 at 2010-11-04 07:16:09) [GET]
Rendering template within layouts/application
Rendering pages/home
Rendered layouts/_stylesheets (0.0ms)
Rendered layouts/_header (0.0ms)
Rendered layouts/_footer (0.0ms)
Completed in 0ms (View: 0, DB: 0) | 200 OK [http://localhost/pages/home]


Processing PagesController#home (for 127.0.0.1 at 2010-11-10 07:51:28) [GET]
Rendering template within layouts/application
Rendering pages/home
Rendered layouts/_stylesheets (0.0ms)

ActionView::TemplateError (undefined local variable or method `logo' for #<ActionView::Base:0x45379b0>) on line #3 of app/views/layouts/_header.html.erb:
1: <div id="header" class="round">
2:   <%= image_tag("logo.png", :alt => "Sample App", :class => "round") %>
3:   <%= link_to logo, root_path %>
4:   <ul class="navigation round">
5:     <li><%= link_to "Home", root_path %></li>
6:     <li><%= link_to "Help", help_path %></li>

    app/views/layouts/_header.html.erb:3
    app/views/layouts/application.html.erb:10
    C:/Ruby/lib/ruby/1.8/webrick/httpserver.rb:104:in `service'
    C:/Ruby/lib/ruby/1.8/webrick/httpserver.rb:65:in `run'
    C:/Ruby/lib/ruby/1.8/webrick/server.rb:173:in `start_thread'
    C:/Ruby/lib/ruby/1.8/webrick/server.rb:162:in `start'
    C:/Ruby/lib/ruby/1.8/webrick/server.rb:162:in `start_thread'
    C:/Ruby/lib/ruby/1.8/webrick/server.rb:95:in `start'
    C:/Ruby/lib/ruby/1.8/webrick/server.rb:92:in `each'
    C:/Ruby/lib/ruby/1.8/webrick/server.rb:92:in `start'
    C:/Ruby/lib/ruby/1.8/webrick/server.rb:23:in `start'
    C:/Ruby/lib/ruby/1.8/webrick/server.rb:82:in `start'

Rendered rescues/_trace (140.6ms)
Rendered rescues/_request_and_response (0.0ms)
Rendering rescues/layout (internal_server_error)


Processing ApplicationController#index (for 127.0.0.1 at 2010-11-12 09:59:33) [GET]

ActionController::RoutingError (No route matches "/" with {:method=>:get}):
  c:/Ruby/lib/ruby/1.8/webrick/httpserver.rb:104:in `service'
  c:/Ruby/lib/ruby/1.8/webrick/httpserver.rb:65:in `run'
  c:/Ruby/lib/ruby/1.8/webrick/server.rb:173:in `start_thread'
  c:/Ruby/lib/ruby/1.8/webrick/server.rb:162:in `start'
  c:/Ruby/lib/ruby/1.8/webrick/server.rb:162:in `start_thread'
  c:/Ruby/lib/ruby/1.8/webrick/server.rb:95:in `start'
  c:/Ruby/lib/ruby/1.8/webrick/server.rb:92:in `each'
  c:/Ruby/lib/ruby/1.8/webrick/server.rb:92:in `start'
  c:/Ruby/lib/ruby/1.8/webrick/server.rb:23:in `start'
  c:/Ruby/lib/ruby/1.8/webrick/server.rb:82:in `start'

Rendering rescues/layout (not_found)


Processing ApplicationController#index (for 127.0.0.1 at 2010-11-12 09:59:42) [GET]

ActionController::RoutingError (No route matches "/microposts/2" with {:method=>:get}):
  c:/Ruby/lib/ruby/1.8/webrick/httpserver.rb:104:in `service'
  c:/Ruby/lib/ruby/1.8/webrick/httpserver.rb:65:in `run'
  c:/Ruby/lib/ruby/1.8/webrick/server.rb:173:in `start_thread'
  c:/Ruby/lib/ruby/1.8/webrick/server.rb:162:in `start'
  c:/Ruby/lib/ruby/1.8/webrick/server.rb:162:in `start_thread'
  c:/Ruby/lib/ruby/1.8/webrick/server.rb:95:in `start'
  c:/Ruby/lib/ruby/1.8/webrick/server.rb:92:in `each'
  c:/Ruby/lib/ruby/1.8/webrick/server.rb:92:in `start'
  c:/Ruby/lib/ruby/1.8/webrick/server.rb:23:in `start'
  c:/Ruby/lib/ruby/1.8/webrick/server.rb:82:in `start'

Rendering rescues/layout (not_found)


Processing PagesController#home (for 127.0.0.1 at 2010-11-12 09:59:56) [GET]
Rendering template within layouts/application
Rendering pages/home
Rendered layouts/_stylesheets (15.6ms)

ActionView::TemplateError (undefined local variable or method `logo' for #<ActionView::Base:0x44a2fe8>) on line #3 of app/views/layouts/_header.html.erb:
1: <div id="header" class="round">
2:   <%= image_tag("logo.png", :alt => "Sample App", :class => "round") %>
3:   <%= link_to logo, root_path %>
4:   <ul class="navigation round">
5:     <li><%= link_to "Home", root_path %></li>
6:     <li><%= link_to "Help", help_path %></li>

    app/views/layouts/_header.html.erb:3
    app/views/layouts/application.html.erb:10
    c:/Ruby/lib/ruby/1.8/webrick/httpserver.rb:104:in `service'
    c:/Ruby/lib/ruby/1.8/webrick/httpserver.rb:65:in `run'
    c:/Ruby/lib/ruby/1.8/webrick/server.rb:173:in `start_thread'
    c:/Ruby/lib/ruby/1.8/webrick/server.rb:162:in `start'
    c:/Ruby/lib/ruby/1.8/webrick/server.rb:162:in `start_thread'
    c:/Ruby/lib/ruby/1.8/webrick/server.rb:95:in `start'
    c:/Ruby/lib/ruby/1.8/webrick/server.rb:92:in `each'
    c:/Ruby/lib/ruby/1.8/webrick/server.rb:92:in `start'
    c:/Ruby/lib/ruby/1.8/webrick/server.rb:23:in `start'
    c:/Ruby/lib/ruby/1.8/webrick/server.rb:82:in `start'

Rendered rescues/_trace (62.5ms)
Rendered rescues/_request_and_response (0.0ms)
Rendering rescues/layout (internal_server_error)


Processing PagesController#home (for 127.0.0.1 at 2010-11-12 10:04:18) [GET]
Rendering template within layouts/application
Rendering pages/home
Rendered layouts/_stylesheets (0.0ms)

ActionView::TemplateError (undefined local variable or method `logo' for #<ActionView::Base:0x4537ab8>) on line #3 of app/views/layouts/_header.html.erb:
1: <div id="header" class="round">
2:   <%= image_tag("logo.png", :alt => "Sample App", :class => "round") %>
3:   <%= link_to logo, root_path %>
4:   <ul class="navigation round">
5:     <li><%= link_to "Home", root_path %></li>
6:     <li><%= link_to "Help", help_path %></li>

    app/views/layouts/_header.html.erb:3
    app/views/layouts/application.html.erb:10
    c:/Ruby/lib/ruby/1.8/webrick/httpserver.rb:104:in `service'
    c:/Ruby/lib/ruby/1.8/webrick/httpserver.rb:65:in `run'
    c:/Ruby/lib/ruby/1.8/webrick/server.rb:173:in `start_thread'
    c:/Ruby/lib/ruby/1.8/webrick/server.rb:162:in `start'
    c:/Ruby/lib/ruby/1.8/webrick/server.rb:162:in `start_thread'
    c:/Ruby/lib/ruby/1.8/webrick/server.rb:95:in `start'
    c:/Ruby/lib/ruby/1.8/webrick/server.rb:92:in `each'
    c:/Ruby/lib/ruby/1.8/webrick/server.rb:92:in `start'
    c:/Ruby/lib/ruby/1.8/webrick/server.rb:23:in `start'
    c:/Ruby/lib/ruby/1.8/webrick/server.rb:82:in `start'

Rendered rescues/_trace (125.0ms)
Rendered rescues/_request_and_response (15.6ms)
Rendering rescues/layout (internal_server_error)


Processing PagesController#home (for 127.0.0.1 at 2010-11-12 10:04:21) [GET]
Rendering template within layouts/application
Rendering pages/home
Rendered layouts/_stylesheets (0.0ms)

ActionView::TemplateError (undefined local variable or method `logo' for #<ActionView::Base:0x47cfa30>) on line #3 of app/views/layouts/_header.html.erb:
1: <div id="header" class="round">
2:   <%= image_tag("logo.png", :alt => "Sample App", :class => "round") %>
3:   <%= link_to logo, root_path %>
4:   <ul class="navigation round">
5:     <li><%= link_to "Home", root_path %></li>
6:     <li><%= link_to "Help", help_path %></li>

    app/views/layouts/_header.html.erb:3
    app/views/layouts/application.html.erb:10
    c:/Ruby/lib/ruby/1.8/webrick/httpserver.rb:104:in `service'
    c:/Ruby/lib/ruby/1.8/webrick/httpserver.rb:65:in `run'
    c:/Ruby/lib/ruby/1.8/webrick/server.rb:173:in `start_thread'
    c:/Ruby/lib/ruby/1.8/webrick/server.rb:162:in `start'
    c:/Ruby/lib/ruby/1.8/webrick/server.rb:162:in `start_thread'
    c:/Ruby/lib/ruby/1.8/webrick/server.rb:95:in `start'
    c:/Ruby/lib/ruby/1.8/webrick/server.rb:92:in `each'
    c:/Ruby/lib/ruby/1.8/webrick/server.rb:92:in `start'
    c:/Ruby/lib/ruby/1.8/webrick/server.rb:23:in `start'
    c:/Ruby/lib/ruby/1.8/webrick/server.rb:82:in `start'

Rendered rescues/_trace (62.5ms)
Rendered rescues/_request_and_response (0.0ms)
Rendering rescues/layout (internal_server_error)


Processing PagesController#home (for 127.0.0.1 at 2010-11-12 10:06:27) [GET]
Rendering template within layouts/application
Rendering pages/home
Rendered layouts/_stylesheets (0.0ms)

ActionView::TemplateError (undefined local variable or method `root_path' for #<ActionView::Base:0x45c9000>) on line #3 of app/views/layouts/_header.html.erb:
1: <div id="header" class="round">
2:   <%= logo = image_tag("logo.png", :alt => "Sample App", :class => "round") %>
3:   <%= link_to logo, root_path %>
4:   <ul class="navigation round">
5:     <li><%= link_to "Home", root_path %></li>
6:     <li><%= link_to "Help", help_path %></li>

    app/views/layouts/_header.html.erb:3
    app/views/layouts/application.html.erb:10
    c:/Ruby/lib/ruby/1.8/webrick/httpserver.rb:104:in `service'
    c:/Ruby/lib/ruby/1.8/webrick/httpserver.rb:65:in `run'
    c:/Ruby/lib/ruby/1.8/webrick/server.rb:173:in `start_thread'
    c:/Ruby/lib/ruby/1.8/webrick/server.rb:162:in `start'
    c:/Ruby/lib/ruby/1.8/webrick/server.rb:162:in `start_thread'
    c:/Ruby/lib/ruby/1.8/webrick/server.rb:95:in `start'
    c:/Ruby/lib/ruby/1.8/webrick/server.rb:92:in `each'
    c:/Ruby/lib/ruby/1.8/webrick/server.rb:92:in `start'
    c:/Ruby/lib/ruby/1.8/webrick/server.rb:23:in `start'
    c:/Ruby/lib/ruby/1.8/webrick/server.rb:82:in `start'

Rendered rescues/_trace (62.5ms)
Rendered rescues/_request_and_response (0.0ms)
Rendering rescues/layout (internal_server_error)


Processing PagesController#1 (for 127.0.0.1 at 2010-11-12 10:15:55) [GET]

ActionController::UnknownAction (No action responded to 1. Actions: about, contact, help, and home):
  C:/Ruby/lib/ruby/1.8/webrick/httpserver.rb:104:in `service'
  C:/Ruby/lib/ruby/1.8/webrick/httpserver.rb:65:in `run'
  C:/Ruby/lib/ruby/1.8/webrick/server.rb:173:in `start_thread'
  C:/Ruby/lib/ruby/1.8/webrick/server.rb:162:in `start'
  C:/Ruby/lib/ruby/1.8/webrick/server.rb:162:in `start_thread'
  C:/Ruby/lib/ruby/1.8/webrick/server.rb:95:in `start'
  C:/Ruby/lib/ruby/1.8/webrick/server.rb:92:in `each'
  C:/Ruby/lib/ruby/1.8/webrick/server.rb:92:in `start'
  C:/Ruby/lib/ruby/1.8/webrick/server.rb:23:in `start'
  C:/Ruby/lib/ruby/1.8/webrick/server.rb:82:in `start'

Rendering rescues/layout (not_found)


Processing PagesController#1 (for 127.0.0.1 at 2010-11-12 10:15:57) [GET]

ActionController::UnknownAction (No action responded to 1. Actions: about, contact, help, and home):
  C:/Ruby/lib/ruby/1.8/webrick/httpserver.rb:104:in `service'
  C:/Ruby/lib/ruby/1.8/webrick/httpserver.rb:65:in `run'
  C:/Ruby/lib/ruby/1.8/webrick/server.rb:173:in `start_thread'
  C:/Ruby/lib/ruby/1.8/webrick/server.rb:162:in `start'
  C:/Ruby/lib/ruby/1.8/webrick/server.rb:162:in `start_thread'
  C:/Ruby/lib/ruby/1.8/webrick/server.rb:95:in `start'
  C:/Ruby/lib/ruby/1.8/webrick/server.rb:92:in `each'
  C:/Ruby/lib/ruby/1.8/webrick/server.rb:92:in `start'
  C:/Ruby/lib/ruby/1.8/webrick/server.rb:23:in `start'
  C:/Ruby/lib/ruby/1.8/webrick/server.rb:82:in `start'

Rendering rescues/layout (not_found)


Processing PagesController#1 (for 127.0.0.1 at 2010-11-12 10:15:58) [GET]

ActionController::UnknownAction (No action responded to 1. Actions: about, contact, help, and home):
  C:/Ruby/lib/ruby/1.8/webrick/httpserver.rb:104:in `service'
  C:/Ruby/lib/ruby/1.8/webrick/httpserver.rb:65:in `run'
  C:/Ruby/lib/ruby/1.8/webrick/server.rb:173:in `start_thread'
  C:/Ruby/lib/ruby/1.8/webrick/server.rb:162:in `start'
  C:/Ruby/lib/ruby/1.8/webrick/server.rb:162:in `start_thread'
  C:/Ruby/lib/ruby/1.8/webrick/server.rb:95:in `start'
  C:/Ruby/lib/ruby/1.8/webrick/server.rb:92:in `each'
  C:/Ruby/lib/ruby/1.8/webrick/server.rb:92:in `start'
  C:/Ruby/lib/ruby/1.8/webrick/server.rb:23:in `start'
  C:/Ruby/lib/ruby/1.8/webrick/server.rb:82:in `start'

Rendering rescues/layout (not_found)


Processing PagesController#home (for 127.0.0.1 at 2010-11-12 10:16:02) [GET]
Rendering template within layouts/application
Rendering pages/home
Completed in 16ms (View: 16, DB: 0) | 200 OK [http://localhost/pages/home]


Processing ApplicationController#index (for 127.0.0.1 at 2010-11-12 10:16:03) [GET]

ActionController::RoutingError (No route matches "/stylesheets/blueprint/screen.css" with {:method=>:get}):
  C:/Ruby/lib/ruby/1.8/webrick/httpserver.rb:104:in `service'
  C:/Ruby/lib/ruby/1.8/webrick/httpserver.rb:65:in `run'
  C:/Ruby/lib/ruby/1.8/webrick/server.rb:173:in `start_thread'
  C:/Ruby/lib/ruby/1.8/webrick/server.rb:162:in `start'
  C:/Ruby/lib/ruby/1.8/webrick/server.rb:162:in `start_thread'
  C:/Ruby/lib/ruby/1.8/webrick/server.rb:95:in `start'
  C:/Ruby/lib/ruby/1.8/webrick/server.rb:92:in `each'
  C:/Ruby/lib/ruby/1.8/webrick/server.rb:92:in `start'
  C:/Ruby/lib/ruby/1.8/webrick/server.rb:23:in `start'
  C:/Ruby/lib/ruby/1.8/webrick/server.rb:82:in `start'

Rendering rescues/layout (not_found)


Processing ApplicationController#index (for 127.0.0.1 at 2010-11-12 10:16:03) [GET]

ActionController::RoutingError (No route matches "/stylesheets/blueprint/print.css" with {:method=>:get}):
  C:/Ruby/lib/ruby/1.8/webrick/httpserver.rb:104:in `service'
  C:/Ruby/lib/ruby/1.8/webrick/httpserver.rb:65:in `run'
  C:/Ruby/lib/ruby/1.8/webrick/server.rb:173:in `start_thread'
  C:/Ruby/lib/ruby/1.8/webrick/server.rb:162:in `start'
  C:/Ruby/lib/ruby/1.8/webrick/server.rb:162:in `start_thread'
  C:/Ruby/lib/ruby/1.8/webrick/server.rb:95:in `start'
  C:/Ruby/lib/ruby/1.8/webrick/server.rb:92:in `each'
  C:/Ruby/lib/ruby/1.8/webrick/server.rb:92:in `start'
  C:/Ruby/lib/ruby/1.8/webrick/server.rb:23:in `start'
  C:/Ruby/lib/ruby/1.8/webrick/server.rb:82:in `start'

Rendering rescues/layout (not_found)


Processing PagesController#home (for 127.0.0.1 at 2010-11-12 10:16:42) [GET]
Rendering template within layouts/application
Rendering pages/home
Completed in 16ms (View: 16, DB: 0) | 200 OK [http://localhost/pages/home]


Processing ApplicationController#index (for 127.0.0.1 at 2010-11-12 10:16:42) [GET]

ActionController::RoutingError (No route matches "/stylesheets/blueprint/screen.css" with {:method=>:get}):
  C:/Ruby/lib/ruby/1.8/webrick/httpserver.rb:104:in `service'
  C:/Ruby/lib/ruby/1.8/webrick/httpserver.rb:65:in `run'
  C:/Ruby/lib/ruby/1.8/webrick/server.rb:173:in `start_thread'
  C:/Ruby/lib/ruby/1.8/webrick/server.rb:162:in `start'
  C:/Ruby/lib/ruby/1.8/webrick/server.rb:162:in `start_thread'
  C:/Ruby/lib/ruby/1.8/webrick/server.rb:95:in `start'
  C:/Ruby/lib/ruby/1.8/webrick/server.rb:92:in `each'
  C:/Ruby/lib/ruby/1.8/webrick/server.rb:92:in `start'
  C:/Ruby/lib/ruby/1.8/webrick/server.rb:23:in `start'
  C:/Ruby/lib/ruby/1.8/webrick/server.rb:82:in `start'

Rendering rescues/layout (not_found)


Processing ApplicationController#index (for 127.0.0.1 at 2010-11-12 10:16:42) [GET]

ActionController::RoutingError (No route matches "/stylesheets/blueprint/print.css" with {:method=>:get}):
  C:/Ruby/lib/ruby/1.8/webrick/httpserver.rb:104:in `service'
  C:/Ruby/lib/ruby/1.8/webrick/httpserver.rb:65:in `run'
  C:/Ruby/lib/ruby/1.8/webrick/server.rb:173:in `start_thread'
  C:/Ruby/lib/ruby/1.8/webrick/server.rb:162:in `start'
  C:/Ruby/lib/ruby/1.8/webrick/server.rb:162:in `start_thread'
  C:/Ruby/lib/ruby/1.8/webrick/server.rb:95:in `start'
  C:/Ruby/lib/ruby/1.8/webrick/server.rb:92:in `each'
  C:/Ruby/lib/ruby/1.8/webrick/server.rb:92:in `start'
  C:/Ruby/lib/ruby/1.8/webrick/server.rb:23:in `start'
  C:/Ruby/lib/ruby/1.8/webrick/server.rb:82:in `start'

Rendering rescues/layout (not_found)


Processing PagesController#home (for 127.0.0.1 at 2010-11-12 10:16:43) [GET]
Rendering template within layouts/application
Rendering pages/home
Completed in 0ms (View: 0, DB: 0) | 200 OK [http://localhost/pages/home]


Processing ApplicationController#index (for 127.0.0.1 at 2010-11-12 10:16:43) [GET]

ActionController::RoutingError (No route matches "/stylesheets/blueprint/screen.css" with {:method=>:get}):
  C:/Ruby/lib/ruby/1.8/webrick/httpserver.rb:104:in `service'
  C:/Ruby/lib/ruby/1.8/webrick/httpserver.rb:65:in `run'
  C:/Ruby/lib/ruby/1.8/webrick/server.rb:173:in `start_thread'
  C:/Ruby/lib/ruby/1.8/webrick/server.rb:162:in `start'
  C:/Ruby/lib/ruby/1.8/webrick/server.rb:162:in `start_thread'
  C:/Ruby/lib/ruby/1.8/webrick/server.rb:95:in `start'
  C:/Ruby/lib/ruby/1.8/webrick/server.rb:92:in `each'
  C:/Ruby/lib/ruby/1.8/webrick/server.rb:92:in `start'
  C:/Ruby/lib/ruby/1.8/webrick/server.rb:23:in `start'
  C:/Ruby/lib/ruby/1.8/webrick/server.rb:82:in `start'

Rendering rescues/layout (not_found)


Processing ApplicationController#index (for 127.0.0.1 at 2010-11-12 10:16:43) [GET]

ActionController::RoutingError (No route matches "/stylesheets/blueprint/print.css" with {:method=>:get}):
  C:/Ruby/lib/ruby/1.8/webrick/httpserver.rb:104:in `service'
  C:/Ruby/lib/ruby/1.8/webrick/httpserver.rb:65:in `run'
  C:/Ruby/lib/ruby/1.8/webrick/server.rb:173:in `start_thread'
  C:/Ruby/lib/ruby/1.8/webrick/server.rb:162:in `start'
  C:/Ruby/lib/ruby/1.8/webrick/server.rb:162:in `start_thread'
  C:/Ruby/lib/ruby/1.8/webrick/server.rb:95:in `start'
  C:/Ruby/lib/ruby/1.8/webrick/server.rb:92:in `each'
  C:/Ruby/lib/ruby/1.8/webrick/server.rb:92:in `start'
  C:/Ruby/lib/ruby/1.8/webrick/server.rb:23:in `start'
  C:/Ruby/lib/ruby/1.8/webrick/server.rb:82:in `start'

Rendering rescues/layout (not_found)


Processing PagesController#home (for 127.0.0.1 at 2010-11-12 10:16:58) [GET]
Rendering template within layouts/application
Rendering pages/home
Completed in 47ms (View: 31, DB: 0) | 200 OK [http://localhost/pages/home]


Processing ApplicationController#index (for 127.0.0.1 at 2010-11-12 10:16:58) [GET]

ActionController::RoutingError (No route matches "/stylesheets/blueprint/screen.css" with {:method=>:get}):
  C:/Ruby/lib/ruby/1.8/webrick/httpserver.rb:104:in `service'
  C:/Ruby/lib/ruby/1.8/webrick/httpserver.rb:65:in `run'
  C:/Ruby/lib/ruby/1.8/webrick/server.rb:173:in `start_thread'
  C:/Ruby/lib/ruby/1.8/webrick/server.rb:162:in `start'
  C:/Ruby/lib/ruby/1.8/webrick/server.rb:162:in `start_thread'
  C:/Ruby/lib/ruby/1.8/webrick/server.rb:95:in `start'
  C:/Ruby/lib/ruby/1.8/webrick/server.rb:92:in `each'
  C:/Ruby/lib/ruby/1.8/webrick/server.rb:92:in `start'
  C:/Ruby/lib/ruby/1.8/webrick/server.rb:23:in `start'
  C:/Ruby/lib/ruby/1.8/webrick/server.rb:82:in `start'

Rendering rescues/layout (not_found)


Processing ApplicationController#index (for 127.0.0.1 at 2010-11-12 10:16:58) [GET]

ActionController::RoutingError (No route matches "/stylesheets/blueprint/print.css" with {:method=>:get}):
  C:/Ruby/lib/ruby/1.8/webrick/httpserver.rb:104:in `service'
  C:/Ruby/lib/ruby/1.8/webrick/httpserver.rb:65:in `run'
  C:/Ruby/lib/ruby/1.8/webrick/server.rb:173:in `start_thread'
  C:/Ruby/lib/ruby/1.8/webrick/server.rb:162:in `start'
  C:/Ruby/lib/ruby/1.8/webrick/server.rb:162:in `start_thread'
  C:/Ruby/lib/ruby/1.8/webrick/server.rb:95:in `start'
  C:/Ruby/lib/ruby/1.8/webrick/server.rb:92:in `each'
  C:/Ruby/lib/ruby/1.8/webrick/server.rb:92:in `start'
  C:/Ruby/lib/ruby/1.8/webrick/server.rb:23:in `start'
  C:/Ruby/lib/ruby/1.8/webrick/server.rb:82:in `start'

Rendering rescues/layout (not_found)


Processing PagesController#home (for 127.0.0.1 at 2010-11-12 10:16:59) [GET]
Rendering template within layouts/application
Rendering pages/home
Completed in 16ms (View: 16, DB: 0) | 200 OK [http://localhost/pages/home]


Processing ApplicationController#index (for 127.0.0.1 at 2010-11-12 10:16:59) [GET]

ActionController::RoutingError (No route matches "/stylesheets/blueprint/screen.css" with {:method=>:get}):
  C:/Ruby/lib/ruby/1.8/webrick/httpserver.rb:104:in `service'
  C:/Ruby/lib/ruby/1.8/webrick/httpserver.rb:65:in `run'
  C:/Ruby/lib/ruby/1.8/webrick/server.rb:173:in `start_thread'
  C:/Ruby/lib/ruby/1.8/webrick/server.rb:162:in `start'
  C:/Ruby/lib/ruby/1.8/webrick/server.rb:162:in `start_thread'
  C:/Ruby/lib/ruby/1.8/webrick/server.rb:95:in `start'
  C:/Ruby/lib/ruby/1.8/webrick/server.rb:92:in `each'
  C:/Ruby/lib/ruby/1.8/webrick/server.rb:92:in `start'
  C:/Ruby/lib/ruby/1.8/webrick/server.rb:23:in `start'
  C:/Ruby/lib/ruby/1.8/webrick/server.rb:82:in `start'

Rendering rescues/layout (not_found)


Processing ApplicationController#index (for 127.0.0.1 at 2010-11-12 10:16:59) [GET]

ActionController::RoutingError (No route matches "/stylesheets/blueprint/print.css" with {:method=>:get}):
  C:/Ruby/lib/ruby/1.8/webrick/httpserver.rb:104:in `service'
  C:/Ruby/lib/ruby/1.8/webrick/httpserver.rb:65:in `run'
  C:/Ruby/lib/ruby/1.8/webrick/server.rb:173:in `start_thread'
  C:/Ruby/lib/ruby/1.8/webrick/server.rb:162:in `start'
  C:/Ruby/lib/ruby/1.8/webrick/server.rb:162:in `start_thread'
  C:/Ruby/lib/ruby/1.8/webrick/server.rb:95:in `start'
  C:/Ruby/lib/ruby/1.8/webrick/server.rb:92:in `each'
  C:/Ruby/lib/ruby/1.8/webrick/server.rb:92:in `start'
  C:/Ruby/lib/ruby/1.8/webrick/server.rb:23:in `start'
  C:/Ruby/lib/ruby/1.8/webrick/server.rb:82:in `start'

Rendering rescues/layout (not_found)


Processing PagesController#home (for 127.0.0.1 at 2010-11-12 10:17:25) [GET]
Rendering template within layouts/application
Rendering pages/home
Completed in 16ms (View: 16, DB: 0) | 200 OK [http://localhost/pages/home]


Processing PagesController#home (for 127.0.0.1 at 2010-11-12 10:19:03) [GET]
Rendering template within layouts/application
Rendering pages/home
Completed in 0ms (View: 0, DB: 0) | 200 OK [http://localhost/pages/home]


Processing PagesController#home (for 127.0.0.1 at 2010-11-12 10:21:56) [GET]
Rendering template within layouts/application
Rendering pages/home
Completed in 0ms (View: 0, DB: 0) | 200 OK [http://localhost/pages/home]


Processing PagesController#home (for 127.0.0.1 at 2010-11-12 10:22:58) [GET]
Rendering template within layouts/application
Rendering pages/home
Rendered layouts/_stylesheets (0.0ms)

ActionView::TemplateError (undefined local variable or method `root_path' for #<ActionView::Base:0x47780d0>) on line #3 of app/views/layouts/_header.html.erb:
1: <div id="header" class="round">
2:   <%= logo = image_tag("logo.png", :alt => "Sample App", :class => "round") %>
3:   <%= link_to logo, root_path %>
4:   <ul class="navigation round">
5:     <li><%= link_to "Home", root_path %></li>
6:     <li><%= link_to "Help", help_path %></li>

    app/views/layouts/_header.html.erb:3
    app/views/layouts/application.html.erb:10
    C:/Ruby/lib/ruby/1.8/webrick/httpserver.rb:104:in `service'
    C:/Ruby/lib/ruby/1.8/webrick/httpserver.rb:65:in `run'
    C:/Ruby/lib/ruby/1.8/webrick/server.rb:173:in `start_thread'
    C:/Ruby/lib/ruby/1.8/webrick/server.rb:162:in `start'
    C:/Ruby/lib/ruby/1.8/webrick/server.rb:162:in `start_thread'
    C:/Ruby/lib/ruby/1.8/webrick/server.rb:95:in `start'
    C:/Ruby/lib/ruby/1.8/webrick/server.rb:92:in `each'
    C:/Ruby/lib/ruby/1.8/webrick/server.rb:92:in `start'
    C:/Ruby/lib/ruby/1.8/webrick/server.rb:23:in `start'
    C:/Ruby/lib/ruby/1.8/webrick/server.rb:82:in `start'

Rendered rescues/_trace (140.6ms)
Rendered rescues/_request_and_response (0.0ms)
Rendering rescues/layout (internal_server_error)


Processing PagesController#home (for 127.0.0.1 at 2010-11-12 10:23:44) [GET]
Rendering template within layouts/application
Rendering pages/home
Rendered layouts/_stylesheets (0.0ms)
Rendered layouts/_header (0.0ms)
Completed in 16ms (View: 16, DB: 0) | 200 OK [http://localhost/pages/home]


Processing PagesController#home (for 127.0.0.1 at 2010-11-12 10:24:33) [GET]
Rendering template within layouts/application
Rendering pages/home
Rendered layouts/_stylesheets (0.0ms)
Rendered layouts/_header (0.0ms)
Rendered layouts/_footer (0.0ms)
Completed in 16ms (View: 16, DB: 0) | 200 OK [http://localhost/pages/home]


Processing PagesController#home (for 127.0.0.1 at 2010-11-12 10:50:56) [GET]
Rendering template within layouts/application
Rendering pages/home
Rendered layouts/_stylesheets (0.0ms)
Rendered layouts/_header (0.0ms)
Rendered layouts/_footer (0.0ms)
Completed in 0ms (View: 0, DB: 0) | 200 OK [http://localhost/pages/home]


Processing PagesController#home (for 127.0.0.1 at 2010-11-12 11:02:50) [GET]
Rendering template within layouts/application
Rendering pages/home
Rendered layouts/_stylesheets (0.0ms)
Rendered layouts/_header (0.0ms)
Rendered layouts/_footer (0.0ms)
Completed in 0ms (View: 0, DB: 0) | 200 OK [http://localhost/pages/home]


Processing PagesController#home (for 127.0.0.1 at 2010-11-12 11:02:58) [GET]
Rendering template within layouts/application
Rendering pages/home
Rendered layouts/_stylesheets (0.0ms)
Rendered layouts/_header (0.0ms)
Rendered layouts/_footer (0.0ms)
Completed in 0ms (View: 0, DB: 0) | 200 OK [http://localhost/]


Processing PagesController#home (for 127.0.0.1 at 2010-11-12 11:03:01) [GET]
Rendering template within layouts/application
Rendering pages/home
Rendered layouts/_stylesheets (0.0ms)
Rendered layouts/_header (0.0ms)
Rendered layouts/_footer (0.0ms)
Completed in 0ms (View: 0, DB: 0) | 200 OK [http://localhost/]


Processing PagesController#home (for 127.0.0.1 at 2010-11-12 14:22:29) [GET]
Rendering template within layouts/application
Rendering pages/home
Rendered layouts/_stylesheets (0.0ms)
Rendered layouts/_header (0.0ms)
Rendered layouts/_footer (0.0ms)
Completed in 0ms (View: 0, DB: 0) | 200 OK [http://localhost/]


Processing PagesController#home (for 127.0.0.1 at 2010-11-12 14:22:39) [GET]
Rendering template within layouts/application
Rendering pages/home
Rendered layouts/_stylesheets (0.0ms)
Rendered layouts/_header (0.0ms)
Rendered layouts/_footer (0.0ms)
Completed in 16ms (View: 0, DB: 0) | 200 OK [http://localhost/]


Processing UsersController#new (for 127.0.0.1 at 2010-11-12 14:23:18) [GET]
Rendering template within layouts/application
Rendering users/new
Rendered layouts/_stylesheets (0.0ms)
Rendered layouts/_header (0.0ms)
Rendered layouts/_footer (0.0ms)
Completed in 0ms (View: 0, DB: 0) | 200 OK [http://localhost/signup]


Processing PagesController#home (for 127.0.0.1 at 2010-11-12 14:23:22) [GET]
Rendering template within layouts/application
Rendering pages/home
Rendered layouts/_stylesheets (0.0ms)
Rendered layouts/_header (0.0ms)
Rendered layouts/_footer (0.0ms)
Completed in 0ms (View: 0, DB: 0) | 200 OK [http://localhost/]
